2019-12-11 05:33:56,187 INFO 
Process 52284 stopped, removing from active process list, coressponds to the file: /ARCHIVOSAF/NATIVO/2019345/PC/S_NWC_PC_MSG4_Europe-VISIR_20191211T051500Z.nc NOW UPDATING ADAGUC. 

2019-12-11 05:33:57,214 INFO 
END OF ADAGUC UPDATING PROCESS FOR PRODUCT PC

2019-12-11 05:33:58,243 INFO /ARCHIVOSAF/NATIVO/2019345/CT/S_NWC_CT_MSG4_Europe-VISIR_20191211T051500Z.nc assumed as pixel product
2019-12-11 05:33:59,476 INFO 
Process 52289 stopped, removing from active process list, coressponds to the file: /ARCHIVOSAF/NATIVO/2019345/CT/S_NWC_CT_MSG4_Europe-VISIR_20191211T051500Z.nc NOW UPDATING ADAGUC. 

2019-12-11 05:34:00,499 INFO 
END OF ADAGUC UPDATING PROCESS FOR PRODUCT CT

2019-12-11 05:34:01,525 INFO /ARCHIVOSAF/NATIVO/2019345/CMIC/S_NWC_CMIC_MSG4_Europe-VISIR_20191211T051500Z.nc assumed as pixel product
2019-12-11 05:34:03,785 INFO 
Process 52303 stopped, removing from active process list, coressponds to the file: /ARCHIVOSAF/NATIVO/2019345/CMIC/S_NWC_CMIC_MSG4_Europe-VISIR_20191211T051500Z.nc NOW UPDATING ADAGUC. 

2019-12-11 05:34:04,803 INFO 
END OF ADAGUC UPDATING PROCESS FOR PRODUCT CMIC

2019-12-11 05:34:05,835 INFO /ARCHIVOSAF/NATIVO/2019345/PC/S_NWC_PC-Ph_MSG4_Europe-VISIR_20191211T051500Z.nc assumed as pixel product
2019-12-11 05:34:07,070 INFO 
Process 52322 stopped, removing from active process list, coressponds to the file: /ARCHIVOSAF/NATIVO/2019345/PC/S_NWC_PC-Ph_MSG4_Europe-VISIR_20191211T051500Z.nc NOW UPDATING ADAGUC. 

2019-12-11 05:34:08,088 INFO 
END OF ADAGUC UPDATING PROCESS FOR PRODUCT PC-Ph

2019-12-11 05:34:09,114 INFO /ARCHIVOSAF/NATIVO/2019345/CTTH/S_NWC_CTTH_MSG4_Europe-VISIR_20191211T051500Z.nc assumed as pixel product
2019-12-11 05:34:12,485 INFO 
Process 52330 stopped, removing from active process list, coressponds to the file: /ARCHIVOSAF/NATIVO/2019345/CTTH/S_NWC_CTTH_MSG4_Europe-VISIR_20191211T051500Z.nc NOW UPDATING ADAGUC. 

2019-12-11 05:34:13,508 INFO 
END OF ADAGUC UPDATING PROCESS FOR PRODUCT CTTH

2019-12-11 05:34:14,535 INFO /ARCHIVOSAF/NATIVO/2019345/CMA/S_NWC_CMA_MSG4_Europe-VISIR_20191211T051500Z.nc assumed as pixel product
2019-12-11 05:34:16,796 INFO 
Process 52345 stopped, removing from active process list, coressponds to the file: /ARCHIVOSAF/NATIVO/2019345/CMA/S_NWC_CMA_MSG4_Europe-VISIR_20191211T051500Z.nc NOW UPDATING ADAGUC. 

2019-12-11 05:34:17,815 INFO 
END OF ADAGUC UPDATING PROCESS FOR PRODUCT CMA

2019-12-11 05:34:18,842 INFO /ARCHIVOSAF/NATIVO/2019345/CI/S_NWC_CI_MSG4_Europe-VISIR_20191211T051500Z.nc assumed as pixel product
2019-12-11 05:34:20,074 INFO 
Process 52357 stopped, removing from active process list, coressponds to the file: /ARCHIVOSAF/NATIVO/2019345/CI/S_NWC_CI_MSG4_Europe-VISIR_20191211T051500Z.nc NOW UPDATING ADAGUC. 

2019-12-11 05:34:21,098 INFO 
END OF ADAGUC UPDATING PROCESS FOR PRODUCT CI

2019-12-11 05:34:22,125 INFO /ARCHIVOSAF/NATIVO/2019345/HRW/S_NWC_HRW_MSG4_Europe-VISIR_20191211T051500Z.nc assumed as HRW product
2019-12-11 05:34:24,449 INFO 
Process 52376 stopped, removing from active process list, coressponds to the file: /ARCHIVOSAF/NATIVO/2019345/HRW/S_NWC_HRW_MSG4_Europe-VISIR_20191211T051500Z.nc NOW UPDATING ADAGUC. 

2019-12-11 05:34:25,473 INFO 
END OF ADAGUC UPDATING PROCESS FOR PRODUCT HRW

2019-12-11 05:34:26,506 INFO /ARCHIVOSAF/NATIVO/2019345/ASII/S_NWC_ASII-GW_MSG4_Europe-VISIR_20191211T051500Z.nc assumed as pixel product
2019-12-11 05:34:27,739 INFO 
Process 52384 stopped, removing from active process list, coressponds to the file: /ARCHIVOSAF/NATIVO/2019345/ASII/S_NWC_ASII-GW_MSG4_Europe-VISIR_20191211T051500Z.nc NOW UPDATING ADAGUC. 

2019-12-11 05:34:28,763 INFO 
END OF ADAGUC UPDATING PROCESS FOR PRODUCT ASII-GW

2019-12-11 05:34:29,791 INFO /ARCHIVOSAF/NATIVO/2019345/CRR/S_NWC_CRR_MSG4_Europe-VISIR_20191211T051500Z.nc assumed as pixel product
2019-12-11 05:34:32,079 INFO 
Process 52392 stopped, removing from active process list, coressponds to the file: /ARCHIVOSAF/NATIVO/2019345/CRR/S_NWC_CRR_MSG4_Europe-VISIR_20191211T051500Z.nc NOW UPDATING ADAGUC. 

2019-12-11 05:34:33,102 INFO 
END OF ADAGUC UPDATING PROCESS FOR PRODUCT CRR

2019-12-11 05:34:34,129 INFO /ARCHIVOSAF/NATIVO/2019345/ASII/S_NWC_ASII-TF_MSG4_Europe-VISIR_20191211T051500Z.nc assumed as pixel product
2019-12-11 05:34:35,360 INFO 
Process 52408 stopped, removing from active process list, coressponds to the file: /ARCHIVOSAF/NATIVO/2019345/ASII/S_NWC_ASII-TF_MSG4_Europe-VISIR_20191211T051500Z.nc NOW UPDATING ADAGUC. 

2019-12-11 05:34:36,381 INFO 
END OF ADAGUC UPDATING PROCESS FOR PRODUCT ASII-TF

2019-12-11 05:34:37,417 INFO /ARCHIVOSAF/NATIVO/2019345/L1SD/S_NWC_IR120-BT_MSG4_Europe-VISIR_20191211T051500Z.nc assumed as pixel product
2019-12-11 05:34:39,677 INFO 
Process 52427 stopped, removing from active process list, coressponds to the file: /ARCHIVOSAF/NATIVO/2019345/L1SD/S_NWC_IR120-BT_MSG4_Europe-VISIR_20191211T051500Z.nc NOW UPDATING ADAGUC. 

2019-12-11 05:34:40,700 INFO 
END OF ADAGUC UPDATING PROCESS FOR PRODUCT IR120-BT

2019-12-11 05:34:41,728 INFO /ARCHIVOSAF/NATIVO/2019345/CRR/S_NWC_CRR-Ph_MSG4_Europe-VISIR_20191211T051500Z.nc assumed as pixel product
2019-12-11 05:34:43,987 INFO 
Process 52435 stopped, removing from active process list, coressponds to the file: /ARCHIVOSAF/NATIVO/2019345/CRR/S_NWC_CRR-Ph_MSG4_Europe-VISIR_20191211T051500Z.nc NOW UPDATING ADAGUC. 

2019-12-11 05:34:45,010 INFO 
END OF ADAGUC UPDATING PROCESS FOR PRODUCT CRR-Ph

2019-12-11 05:34:46,038 INFO /ARCHIVOSAF/NATIVO/2019345/iSHAI/S_NWC_iSHAI_MSG4_Europe-VISIR_20191211T051500Z.nc assumed as pixel product
2019-12-11 05:34:54,462 INFO 
Process 52441 stopped, removing from active process list, coressponds to the file: /ARCHIVOSAF/NATIVO/2019345/iSHAI/S_NWC_iSHAI_MSG4_Europe-VISIR_20191211T051500Z.nc NOW UPDATING ADAGUC. 

2019-12-11 05:34:55,485 INFO 
END OF ADAGUC UPDATING PROCESS FOR PRODUCT iSHAI

2019-12-11 05:34:56,515 INFO /ARCHIVOSAF/NATIVO/2019345/RDT/S_NWC_RDT-CW_MSG4_Europe-VISIR_20191211T051500Z.nc assumed as RDT product
2019-12-11 05:35:39,828 INFO 
Process 52447 stopped, removing from active process list, coressponds to the file: /ARCHIVOSAF/NATIVO/2019345/RDT/S_NWC_RDT-CW_MSG4_Europe-VISIR_20191211T051500Z.nc NOW UPDATING ADAGUC. 

2019-12-11 05:35:40,851 INFO 
END OF ADAGUC UPDATING PROCESS FOR PRODUCT RDT-CW

2019-12-11 05:36:03,519 INFO  File: /ARCHIVOSAF/NATIVO/2019345/IMASK/S_NWC_IMASK_MSG4_Europe-VISIR_20191211T051500Z.nc added.
2019-12-11 05:36:03,519 INFO /ARCHIVOSAF/NATIVO/2019345/IMASK/S_NWC_IMASK_MSG4_Europe-VISIR_20191211T051500Z.nc assumed as pixel product
2019-12-11 05:36:05,824 INFO 
Process 52847 stopped, removing from active process list, coressponds to the file: /ARCHIVOSAF/NATIVO/2019345/IMASK/S_NWC_IMASK_MSG4_Europe-VISIR_20191211T051500Z.nc NOW UPDATING ADAGUC. 

2019-12-11 05:36:06,848 INFO 
END OF ADAGUC UPDATING PROCESS FOR PRODUCT IMASK

2019-12-11 05:48:38,729 INFO  File: /ARCHIVOSAF/NATIVO/2019345/CRR/S_NWC_CRR_MSG4_Europe-VISIR_20191211T053000Z.nc added.
2019-12-11 05:48:38,730 INFO  File: /ARCHIVOSAF/NATIVO/2019345/CTTH/S_NWC_CTTH_MSG4_Europe-VISIR_20191211T053000Z.nc added.
2019-12-11 05:48:38,730 INFO  File: /ARCHIVOSAF/NATIVO/2019345/PC/S_NWC_PC-Ph_MSG4_Europe-VISIR_20191211T053000Z.nc added.
2019-12-11 05:48:38,730 INFO  File: /ARCHIVOSAF/NATIVO/2019345/CT/S_NWC_CT_MSG4_Europe-VISIR_20191211T053000Z.nc added.
2019-12-11 05:48:38,730 INFO  File: /ARCHIVOSAF/NATIVO/2019345/PC/S_NWC_PC_MSG4_Europe-VISIR_20191211T053000Z.nc added.
2019-12-11 05:48:38,730 INFO  File: /ARCHIVOSAF/NATIVO/2019345/CMA/S_NWC_CMA_MSG4_Europe-VISIR_20191211T053000Z.nc added.
2019-12-11 05:48:38,731 INFO  File: /ARCHIVOSAF/NATIVO/2019345/CMIC/S_NWC_CMIC_MSG4_Europe-VISIR_20191211T053000Z.nc added.
2019-12-11 05:48:38,731 INFO  File: /ARCHIVOSAF/NATIVO/2019345/CRR/S_NWC_CRR-Ph_MSG4_Europe-VISIR_20191211T053000Z.nc added.
2019-12-11 05:48:38,731 INFO /ARCHIVOSAF/NATIVO/2019345/CRR/S_NWC_CRR_MSG4_Europe-VISIR_20191211T053000Z.nc assumed as pixel product
2019-12-11 05:48:39,995 INFO  File: /ARCHIVOSAF/NATIVO/2019345/RDT/S_NWC_RDT-CW_MSG4_Europe-VISIR_20191211T053000Z.nc added.
2019-12-11 05:48:39,996 INFO  File: /ARCHIVOSAF/NATIVO/2019345/ASII/S_NWC_ASII-TF_MSG4_Europe-VISIR_20191211T053000Z.nc added.
2019-12-11 05:48:39,996 INFO  File: /ARCHIVOSAF/NATIVO/2019345/RDT/S_NWC_RDT-CW_MSG4_Europe-VISIR_20191211T053000Z_045.nc added.
2019-12-11 05:48:39,996 INFO  File: /ARCHIVOSAF/NATIVO/2019345/L1SD/S_NWC_IR120-BT_MSG4_Europe-VISIR_20191211T053000Z.nc added.
2019-12-11 05:48:39,996 INFO  File: /ARCHIVOSAF/NATIVO/2019345/CI/S_NWC_CI_MSG4_Europe-VISIR_20191211T053000Z.nc added.
2019-12-11 05:48:39,996 INFO  File: /ARCHIVOSAF/NATIVO/2019345/RDT/S_NWC_RDT-CW_MSG4_Europe-VISIR_20191211T053000Z_030.nc added.
2019-12-11 05:48:39,996 INFO  File: /ARCHIVOSAF/NATIVO/2019345/RDT/S_NWC_RDT-CW_MSG4_Europe-VISIR_20191211T053000Z_015.nc added.
2019-12-11 05:48:39,996 INFO  File: /ARCHIVOSAF/NATIVO/2019345/iSHAI/S_NWC_iSHAI_MSG4_Europe-VISIR_20191211T053000Z.nc added.
2019-12-11 05:48:39,996 INFO  File: /ARCHIVOSAF/NATIVO/2019345/HRW/S_NWC_HRW_MSG4_Europe-VISIR_20191211T053000Z.nc added.
2019-12-11 05:48:39,996 INFO  File: /ARCHIVOSAF/NATIVO/2019345/RDT/S_NWC_RDT-CW_MSG4_Europe-VISIR_20191211T053000Z_060.nc added.
2019-12-11 05:48:39,997 INFO  File: /ARCHIVOSAF/NATIVO/2019345/ASII/S_NWC_ASII-GW_MSG4_Europe-VISIR_20191211T053000Z.nc added.
2019-12-11 05:48:41,023 INFO 
Process 53825 stopped, removing from active process list, coressponds to the file: /ARCHIVOSAF/NATIVO/2019345/CRR/S_NWC_CRR_MSG4_Europe-VISIR_20191211T053000Z.nc NOW UPDATING ADAGUC. 

2019-12-11 05:48:42,041 INFO 
END OF ADAGUC UPDATING PROCESS FOR PRODUCT CRR

2019-12-11 05:48:43,070 INFO /ARCHIVOSAF/NATIVO/2019345/CTTH/S_NWC_CTTH_MSG4_Europe-VISIR_20191211T053000Z.nc assumed as pixel product
2019-12-11 05:48:46,469 INFO 
Process 53830 stopped, removing from active process list, coressponds to the file: /ARCHIVOSAF/NATIVO/2019345/CTTH/S_NWC_CTTH_MSG4_Europe-VISIR_20191211T053000Z.nc NOW UPDATING ADAGUC. 

2019-12-11 05:48:47,487 INFO 
END OF ADAGUC UPDATING PROCESS FOR PRODUCT CTTH

2019-12-11 05:48:48,512 INFO /ARCHIVOSAF/NATIVO/2019345/PC/S_NWC_PC-Ph_MSG4_Europe-VISIR_20191211T053000Z.nc assumed as pixel product
2019-12-11 05:48:49,743 INFO 
Process 53837 stopped, removing from active process list, coressponds to the file: /ARCHIVOSAF/NATIVO/2019345/PC/S_NWC_PC-Ph_MSG4_Europe-VISIR_20191211T053000Z.nc NOW UPDATING ADAGUC. 

2019-12-11 05:48:50,765 INFO 
END OF ADAGUC UPDATING PROCESS FOR PRODUCT PC-Ph

2019-12-11 05:48:51,791 INFO /ARCHIVOSAF/NATIVO/2019345/CT/S_NWC_CT_MSG4_Europe-VISIR_20191211T053000Z.nc assumed as pixel product
2019-12-11 05:48:53,022 INFO 
Process 53842 stopped, removing from active process list, coressponds to the file: /ARCHIVOSAF/NATIVO/2019345/CT/S_NWC_CT_MSG4_Europe-VISIR_20191211T053000Z.nc NOW UPDATING ADAGUC. 

2019-12-11 05:48:54,043 INFO 
END OF ADAGUC UPDATING PROCESS FOR PRODUCT CT

2019-12-11 05:48:55,068 INFO /ARCHIVOSAF/NATIVO/2019345/PC/S_NWC_PC_MSG4_Europe-VISIR_20191211T053000Z.nc assumed as pixel product
2019-12-11 05:48:56,302 INFO 
Process 53847 stopped, removing from active process list, coressponds to the file: /ARCHIVOSAF/NATIVO/2019345/PC/S_NWC_PC_MSG4_Europe-VISIR_20191211T053000Z.nc NOW UPDATING ADAGUC. 

2019-12-11 05:48:57,328 INFO 
END OF ADAGUC UPDATING PROCESS FOR PRODUCT PC

2019-12-11 05:48:58,357 INFO /ARCHIVOSAF/NATIVO/2019345/CMA/S_NWC_CMA_MSG4_Europe-VISIR_20191211T053000Z.nc assumed as pixel product
2019-12-11 05:49:00,623 INFO 
Process 53852 stopped, removing from active process list, coressponds to the file: /ARCHIVOSAF/NATIVO/2019345/CMA/S_NWC_CMA_MSG4_Europe-VISIR_20191211T053000Z.nc NOW UPDATING ADAGUC. 

2019-12-11 05:49:01,641 INFO 
END OF ADAGUC UPDATING PROCESS FOR PRODUCT CMA

2019-12-11 05:49:02,668 INFO /ARCHIVOSAF/NATIVO/2019345/CMIC/S_NWC_CMIC_MSG4_Europe-VISIR_20191211T053000Z.nc assumed as pixel product
2019-12-11 05:49:04,931 INFO 
Process 53869 stopped, removing from active process list, coressponds to the file: /ARCHIVOSAF/NATIVO/2019345/CMIC/S_NWC_CMIC_MSG4_Europe-VISIR_20191211T053000Z.nc NOW UPDATING ADAGUC. 

2019-12-11 05:49:05,950 INFO 
END OF ADAGUC UPDATING PROCESS FOR PRODUCT CMIC

2019-12-11 05:49:06,977 INFO /ARCHIVOSAF/NATIVO/2019345/CRR/S_NWC_CRR-Ph_MSG4_Europe-VISIR_20191211T053000Z.nc assumed as pixel product
2019-12-11 05:49:09,238 INFO 
Process 53877 stopped, removing from active process list, coressponds to the file: /ARCHIVOSAF/NATIVO/2019345/CRR/S_NWC_CRR-Ph_MSG4_Europe-VISIR_20191211T053000Z.nc NOW UPDATING ADAGUC. 

2019-12-11 05:49:10,262 INFO 
END OF ADAGUC UPDATING PROCESS FOR PRODUCT CRR-Ph

2019-12-11 05:49:11,290 INFO /ARCHIVOSAF/NATIVO/2019345/ASII/S_NWC_ASII-GW_MSG4_Europe-VISIR_20191211T053000Z.nc assumed as pixel product
2019-12-11 05:49:12,522 INFO 
Process 53889 stopped, removing from active process list, coressponds to the file: /ARCHIVOSAF/NATIVO/2019345/ASII/S_NWC_ASII-GW_MSG4_Europe-VISIR_20191211T053000Z.nc NOW UPDATING ADAGUC. 

2019-12-11 05:49:13,541 INFO 
END OF ADAGUC UPDATING PROCESS FOR PRODUCT ASII-GW

2019-12-11 05:49:14,569 INFO /ARCHIVOSAF/NATIVO/2019345/HRW/S_NWC_HRW_MSG4_Europe-VISIR_20191211T053000Z.nc assumed as HRW product
2019-12-11 05:49:16,833 INFO 
Process 53904 stopped, removing from active process list, coressponds to the file: /ARCHIVOSAF/NATIVO/2019345/HRW/S_NWC_HRW_MSG4_Europe-VISIR_20191211T053000Z.nc NOW UPDATING ADAGUC. 

2019-12-11 05:49:17,853 INFO 
END OF ADAGUC UPDATING PROCESS FOR PRODUCT HRW

2019-12-11 05:49:18,881 INFO /ARCHIVOSAF/NATIVO/2019345/iSHAI/S_NWC_iSHAI_MSG4_Europe-VISIR_20191211T053000Z.nc assumed as pixel product
2019-12-11 05:49:27,314 INFO 
Process 53927 stopped, removing from active process list, coressponds to the file: /ARCHIVOSAF/NATIVO/2019345/iSHAI/S_NWC_iSHAI_MSG4_Europe-VISIR_20191211T053000Z.nc NOW UPDATING ADAGUC. 

2019-12-11 05:49:28,341 INFO 
END OF ADAGUC UPDATING PROCESS FOR PRODUCT iSHAI

2019-12-11 05:49:29,369 INFO /ARCHIVOSAF/NATIVO/2019345/CI/S_NWC_CI_MSG4_Europe-VISIR_20191211T053000Z.nc assumed as pixel product
2019-12-11 05:49:30,605 INFO 
Process 53948 stopped, removing from active process list, coressponds to the file: /ARCHIVOSAF/NATIVO/2019345/CI/S_NWC_CI_MSG4_Europe-VISIR_20191211T053000Z.nc NOW UPDATING ADAGUC. 

2019-12-11 05:49:31,627 INFO 
END OF ADAGUC UPDATING PROCESS FOR PRODUCT CI

2019-12-11 05:49:32,652 INFO /ARCHIVOSAF/NATIVO/2019345/L1SD/S_NWC_IR120-BT_MSG4_Europe-VISIR_20191211T053000Z.nc assumed as pixel product
2019-12-11 05:49:33,884 INFO 
Process 53966 stopped, removing from active process list, coressponds to the file: /ARCHIVOSAF/NATIVO/2019345/L1SD/S_NWC_IR120-BT_MSG4_Europe-VISIR_20191211T053000Z.nc NOW UPDATING ADAGUC. 

2019-12-11 05:49:34,906 INFO 
END OF ADAGUC UPDATING PROCESS FOR PRODUCT IR120-BT

2019-12-11 05:49:35,932 INFO /ARCHIVOSAF/NATIVO/2019345/ASII/S_NWC_ASII-TF_MSG4_Europe-VISIR_20191211T053000Z.nc assumed as pixel product
2019-12-11 05:49:37,164 INFO 
Process 53981 stopped, removing from active process list, coressponds to the file: /ARCHIVOSAF/NATIVO/2019345/ASII/S_NWC_ASII-TF_MSG4_Europe-VISIR_20191211T053000Z.nc NOW UPDATING ADAGUC. 

2019-12-11 05:49:38,194 INFO 
END OF ADAGUC UPDATING PROCESS FOR PRODUCT ASII-TF

2019-12-11 05:49:39,220 INFO /ARCHIVOSAF/NATIVO/2019345/RDT/S_NWC_RDT-CW_MSG4_Europe-VISIR_20191211T053000Z.nc assumed as RDT product
2019-12-11 05:50:18,436 INFO 
Process 54000 stopped, removing from active process list, coressponds to the file: /ARCHIVOSAF/NATIVO/2019345/RDT/S_NWC_RDT-CW_MSG4_Europe-VISIR_20191211T053000Z.nc NOW UPDATING ADAGUC. 

2019-12-11 05:50:19,458 INFO 
END OF ADAGUC UPDATING PROCESS FOR PRODUCT RDT-CW

2019-12-11 05:51:03,616 INFO  File: /ARCHIVOSAF/NATIVO/2019345/IMASK/S_NWC_IMASK_MSG4_Europe-VISIR_20191211T053000Z.nc added.
2019-12-11 05:51:03,616 INFO /ARCHIVOSAF/NATIVO/2019345/IMASK/S_NWC_IMASK_MSG4_Europe-VISIR_20191211T053000Z.nc assumed as pixel product
2019-12-11 05:51:05,942 INFO 
Process 54118 stopped, removing from active process list, coressponds to the file: /ARCHIVOSAF/NATIVO/2019345/IMASK/S_NWC_IMASK_MSG4_Europe-VISIR_20191211T053000Z.nc NOW UPDATING ADAGUC. 

2019-12-11 05:51:06,965 INFO 
END OF ADAGUC UPDATING PROCESS FOR PRODUCT IMASK

2019-12-11 06:04:02,833 INFO  File: /ARCHIVOSAF/NATIVO/2019345/CMA/S_NWC_CMA_MSG4_Europe-VISIR_20191211T054500Z.nc added.
2019-12-11 06:04:02,834 INFO  File: /ARCHIVOSAF/NATIVO/2019345/CT/S_NWC_CT_MSG4_Europe-VISIR_20191211T054500Z.nc added.
2019-12-11 06:04:02,834 INFO /ARCHIVOSAF/NATIVO/2019345/CMA/S_NWC_CMA_MSG4_Europe-VISIR_20191211T054500Z.nc assumed as pixel product
2019-12-11 06:04:04,107 INFO  File: /ARCHIVOSAF/NATIVO/2019345/iSHAI/S_NWC_iSHAI_MSG4_Europe-VISIR_20191211T054500Z.nc added.
2019-12-11 06:04:04,108 INFO  File: /ARCHIVOSAF/NATIVO/2019345/HRW/S_NWC_HRW_MSG4_Europe-VISIR_20191211T054500Z.nc added.
2019-12-11 06:04:04,108 INFO  File: /ARCHIVOSAF/NATIVO/2019345/ASII/S_NWC_ASII-TF_MSG4_Europe-VISIR_20191211T054500Z.nc added.
2019-12-11 06:04:04,108 INFO  File: /ARCHIVOSAF/NATIVO/2019345/ASII/S_NWC_ASII-GW_MSG4_Europe-VISIR_20191211T054500Z.nc added.
2019-12-11 06:04:04,108 INFO  File: /ARCHIVOSAF/NATIVO/2019345/PC/S_NWC_PC_MSG4_Europe-VISIR_20191211T054500Z.nc added.
2019-12-11 06:04:04,108 INFO  File: /ARCHIVOSAF/NATIVO/2019345/RDT/S_NWC_RDT-CW_MSG4_Europe-VISIR_20191211T054500Z.nc added.
2019-12-11 06:04:04,108 INFO  File: /ARCHIVOSAF/NATIVO/2019345/RDT/S_NWC_RDT-CW_MSG4_Europe-VISIR_20191211T054500Z_045.nc added.
2019-12-11 06:04:04,109 INFO  File: /ARCHIVOSAF/NATIVO/2019345/CRR/S_NWC_CRR-Ph_MSG4_Europe-VISIR_20191211T054500Z.nc added.
2019-12-11 06:04:04,109 INFO  File: /ARCHIVOSAF/NATIVO/2019345/RDT/S_NWC_RDT-CW_MSG4_Europe-VISIR_20191211T054500Z_060.nc added.
2019-12-11 06:04:04,109 INFO  File: /ARCHIVOSAF/NATIVO/2019345/CTTH/S_NWC_CTTH_MSG4_Europe-VISIR_20191211T054500Z.nc added.
2019-12-11 06:04:04,109 INFO  File: /ARCHIVOSAF/NATIVO/2019345/CMIC/S_NWC_CMIC_MSG4_Europe-VISIR_20191211T054500Z.nc added.
2019-12-11 06:04:04,109 INFO  File: /ARCHIVOSAF/NATIVO/2019345/RDT/S_NWC_RDT-CW_MSG4_Europe-VISIR_20191211T054500Z_030.nc added.
2019-12-11 06:04:04,109 INFO  File: /ARCHIVOSAF/NATIVO/2019345/CRR/S_NWC_CRR_MSG4_Europe-VISIR_20191211T054500Z.nc added.
2019-12-11 06:04:04,109 INFO  File: /ARCHIVOSAF/NATIVO/2019345/RDT/S_NWC_RDT-CW_MSG4_Europe-VISIR_20191211T054500Z_015.nc added.
2019-12-11 06:04:04,109 INFO  File: /ARCHIVOSAF/NATIVO/2019345/CI/S_NWC_CI_MSG4_Europe-VISIR_20191211T054500Z.nc added.
2019-12-11 06:04:04,109 INFO  File: /ARCHIVOSAF/NATIVO/2019345/PC/S_NWC_PC-Ph_MSG4_Europe-VISIR_20191211T054500Z.nc added.
2019-12-11 06:04:05,142 INFO  File: /ARCHIVOSAF/NATIVO/2019345/L1SD/S_NWC_IR120-BT_MSG4_Europe-VISIR_20191211T054500Z.nc added.
2019-12-11 06:04:05,143 INFO 
Process 55148 stopped, removing from active process list, coressponds to the file: /ARCHIVOSAF/NATIVO/2019345/CMA/S_NWC_CMA_MSG4_Europe-VISIR_20191211T054500Z.nc NOW UPDATING ADAGUC. 

2019-12-11 06:04:06,163 INFO 
END OF ADAGUC UPDATING PROCESS FOR PRODUCT CMA

2019-12-11 06:04:07,190 INFO /ARCHIVOSAF/NATIVO/2019345/CT/S_NWC_CT_MSG4_Europe-VISIR_20191211T054500Z.nc assumed as pixel product
2019-12-11 06:04:11,507 INFO 
Process 55157 stopped, removing from active process list, coressponds to the file: /ARCHIVOSAF/NATIVO/2019345/CT/S_NWC_CT_MSG4_Europe-VISIR_20191211T054500Z.nc NOW UPDATING ADAGUC. 

2019-12-11 06:04:12,542 INFO 
END OF ADAGUC UPDATING PROCESS FOR PRODUCT CT

2019-12-11 06:04:13,573 INFO /ARCHIVOSAF/NATIVO/2019345/iSHAI/S_NWC_iSHAI_MSG4_Europe-VISIR_20191211T054500Z.nc assumed as pixel product
2019-12-11 06:04:22,003 INFO 
Process 55165 stopped, removing from active process list, coressponds to the file: /ARCHIVOSAF/NATIVO/2019345/iSHAI/S_NWC_iSHAI_MSG4_Europe-VISIR_20191211T054500Z.nc NOW UPDATING ADAGUC. 

2019-12-11 06:04:23,032 INFO 
END OF ADAGUC UPDATING PROCESS FOR PRODUCT iSHAI

2019-12-11 06:04:24,069 INFO /ARCHIVOSAF/NATIVO/2019345/HRW/S_NWC_HRW_MSG4_Europe-VISIR_20191211T054500Z.nc assumed as HRW product
2019-12-11 06:04:26,346 INFO 
Process 55193 stopped, removing from active process list, coressponds to the file: /ARCHIVOSAF/NATIVO/2019345/HRW/S_NWC_HRW_MSG4_Europe-VISIR_20191211T054500Z.nc NOW UPDATING ADAGUC. 

2019-12-11 06:04:27,379 INFO 
END OF ADAGUC UPDATING PROCESS FOR PRODUCT HRW

2019-12-11 06:04:28,406 INFO /ARCHIVOSAF/NATIVO/2019345/ASII/S_NWC_ASII-TF_MSG4_Europe-VISIR_20191211T054500Z.nc assumed as pixel product
2019-12-11 06:04:29,637 INFO 
Process 55206 stopped, removing from active process list, coressponds to the file: /ARCHIVOSAF/NATIVO/2019345/ASII/S_NWC_ASII-TF_MSG4_Europe-VISIR_20191211T054500Z.nc NOW UPDATING ADAGUC. 

2019-12-11 06:04:30,657 INFO 
END OF ADAGUC UPDATING PROCESS FOR PRODUCT ASII-TF

2019-12-11 06:04:31,684 INFO /ARCHIVOSAF/NATIVO/2019345/ASII/S_NWC_ASII-GW_MSG4_Europe-VISIR_20191211T054500Z.nc assumed as pixel product
2019-12-11 06:04:32,915 INFO 
Process 55218 stopped, removing from active process list, coressponds to the file: /ARCHIVOSAF/NATIVO/2019345/ASII/S_NWC_ASII-GW_MSG4_Europe-VISIR_20191211T054500Z.nc NOW UPDATING ADAGUC. 

2019-12-11 06:04:33,952 INFO 
END OF ADAGUC UPDATING PROCESS FOR PRODUCT ASII-GW

2019-12-11 06:04:34,985 INFO /ARCHIVOSAF/NATIVO/2019345/PC/S_NWC_PC_MSG4_Europe-VISIR_20191211T054500Z.nc assumed as pixel product
2019-12-11 06:04:36,217 INFO 
Process 55226 stopped, removing from active process list, coressponds to the file: /ARCHIVOSAF/NATIVO/2019345/PC/S_NWC_PC_MSG4_Europe-VISIR_20191211T054500Z.nc NOW UPDATING ADAGUC. 

2019-12-11 06:04:37,253 INFO 
END OF ADAGUC UPDATING PROCESS FOR PRODUCT PC

2019-12-11 06:04:38,279 INFO /ARCHIVOSAF/NATIVO/2019345/L1SD/S_NWC_IR120-BT_MSG4_Europe-VISIR_20191211T054500Z.nc assumed as pixel product
2019-12-11 06:04:39,510 INFO 
Process 55241 stopped, removing from active process list, coressponds to the file: /ARCHIVOSAF/NATIVO/2019345/L1SD/S_NWC_IR120-BT_MSG4_Europe-VISIR_20191211T054500Z.nc NOW UPDATING ADAGUC. 

2019-12-11 06:04:40,548 INFO 
END OF ADAGUC UPDATING PROCESS FOR PRODUCT IR120-BT

2019-12-11 06:04:41,577 INFO /ARCHIVOSAF/NATIVO/2019345/PC/S_NWC_PC-Ph_MSG4_Europe-VISIR_20191211T054500Z.nc assumed as pixel product
2019-12-11 06:04:42,809 INFO 
Process 55256 stopped, removing from active process list, coressponds to the file: /ARCHIVOSAF/NATIVO/2019345/PC/S_NWC_PC-Ph_MSG4_Europe-VISIR_20191211T054500Z.nc NOW UPDATING ADAGUC. 

2019-12-11 06:04:43,832 INFO 
END OF ADAGUC UPDATING PROCESS FOR PRODUCT PC-Ph

2019-12-11 06:04:44,861 INFO /ARCHIVOSAF/NATIVO/2019345/CI/S_NWC_CI_MSG4_Europe-VISIR_20191211T054500Z.nc assumed as pixel product
2019-12-11 06:04:46,092 INFO 
Process 55261 stopped, removing from active process list, coressponds to the file: /ARCHIVOSAF/NATIVO/2019345/CI/S_NWC_CI_MSG4_Europe-VISIR_20191211T054500Z.nc NOW UPDATING ADAGUC. 

2019-12-11 06:04:47,115 INFO 
END OF ADAGUC UPDATING PROCESS FOR PRODUCT CI

2019-12-11 06:04:48,143 INFO /ARCHIVOSAF/NATIVO/2019345/CRR/S_NWC_CRR_MSG4_Europe-VISIR_20191211T054500Z.nc assumed as pixel product
2019-12-11 06:04:50,401 INFO 
Process 55267 stopped, removing from active process list, coressponds to the file: /ARCHIVOSAF/NATIVO/2019345/CRR/S_NWC_CRR_MSG4_Europe-VISIR_20191211T054500Z.nc NOW UPDATING ADAGUC. 

2019-12-11 06:04:51,442 INFO 
END OF ADAGUC UPDATING PROCESS FOR PRODUCT CRR

2019-12-11 06:04:52,469 INFO /ARCHIVOSAF/NATIVO/2019345/CMIC/S_NWC_CMIC_MSG4_Europe-VISIR_20191211T054500Z.nc assumed as pixel product
2019-12-11 06:04:54,736 INFO 
Process 55272 stopped, removing from active process list, coressponds to the file: /ARCHIVOSAF/NATIVO/2019345/CMIC/S_NWC_CMIC_MSG4_Europe-VISIR_20191211T054500Z.nc NOW UPDATING ADAGUC. 

2019-12-11 06:04:55,757 INFO 
END OF ADAGUC UPDATING PROCESS FOR PRODUCT CMIC

2019-12-11 06:04:56,784 INFO /ARCHIVOSAF/NATIVO/2019345/CTTH/S_NWC_CTTH_MSG4_Europe-VISIR_20191211T054500Z.nc assumed as pixel product
2019-12-11 06:05:00,090 INFO 
Process 55277 stopped, removing from active process list, coressponds to the file: /ARCHIVOSAF/NATIVO/2019345/CTTH/S_NWC_CTTH_MSG4_Europe-VISIR_20191211T054500Z.nc NOW UPDATING ADAGUC. 

2019-12-11 06:05:01,114 INFO 
END OF ADAGUC UPDATING PROCESS FOR PRODUCT CTTH

2019-12-11 06:05:02,143 INFO /ARCHIVOSAF/NATIVO/2019345/CRR/S_NWC_CRR-Ph_MSG4_Europe-VISIR_20191211T054500Z.nc assumed as pixel product
2019-12-11 06:05:04,406 INFO 
Process 55298 stopped, removing from active process list, coressponds to the file: /ARCHIVOSAF/NATIVO/2019345/CRR/S_NWC_CRR-Ph_MSG4_Europe-VISIR_20191211T054500Z.nc NOW UPDATING ADAGUC. 

2019-12-11 06:05:05,467 INFO 
END OF ADAGUC UPDATING PROCESS FOR PRODUCT CRR-Ph

2019-12-11 06:05:06,501 INFO /ARCHIVOSAF/NATIVO/2019345/RDT/S_NWC_RDT-CW_MSG4_Europe-VISIR_20191211T054500Z.nc assumed as RDT product
2019-12-11 06:05:48,843 INFO 
Process 55316 stopped, removing from active process list, coressponds to the file: /ARCHIVOSAF/NATIVO/2019345/RDT/S_NWC_RDT-CW_MSG4_Europe-VISIR_20191211T054500Z.nc NOW UPDATING ADAGUC. 

2019-12-11 06:05:49,861 INFO 
END OF ADAGUC UPDATING PROCESS FOR PRODUCT RDT-CW

2019-12-11 06:06:03,323 INFO  File: /ARCHIVOSAF/NATIVO/2019345/IMASK/S_NWC_IMASK_MSG4_Europe-VISIR_20191211T054500Z.nc added.
2019-12-11 06:06:03,324 INFO /ARCHIVOSAF/NATIVO/2019345/IMASK/S_NWC_IMASK_MSG4_Europe-VISIR_20191211T054500Z.nc assumed as pixel product
2019-12-11 06:06:05,626 INFO 
Process 55430 stopped, removing from active process list, coressponds to the file: /ARCHIVOSAF/NATIVO/2019345/IMASK/S_NWC_IMASK_MSG4_Europe-VISIR_20191211T054500Z.nc NOW UPDATING ADAGUC. 

2019-12-11 06:06:06,644 INFO 
END OF ADAGUC UPDATING PROCESS FOR PRODUCT IMASK

2019-12-11 06:20:45,931 INFO  File: /ARCHIVOSAF/NATIVO/2019345/CT/S_NWC_CT_MSG4_Europe-VISIR_20191211T060000Z.nc added.
2019-12-11 06:20:45,931 INFO  File: /ARCHIVOSAF/NATIVO/2019345/CMA/S_NWC_CMA_MSG4_Europe-VISIR_20191211T060000Z.nc added.
2019-12-11 06:20:45,932 INFO /ARCHIVOSAF/NATIVO/2019345/CT/S_NWC_CT_MSG4_Europe-VISIR_20191211T060000Z.nc assumed as pixel product
2019-12-11 06:20:47,191 INFO  File: /ARCHIVOSAF/NATIVO/2019345/RDT/S_NWC_RDT-CW_MSG4_Europe-VISIR_20191211T060000Z_060.nc added.
2019-12-11 06:20:47,192 INFO  File: /ARCHIVOSAF/NATIVO/2019345/CMIC/S_NWC_CMIC_MSG4_Europe-VISIR_20191211T060000Z.nc added.
2019-12-11 06:20:47,192 INFO  File: /ARCHIVOSAF/NATIVO/2019345/HRW/S_NWC_HRW_MSG4_Europe-VISIR_20191211T060000Z.nc added.
2019-12-11 06:20:47,193 INFO  File: /ARCHIVOSAF/NATIVO/2019345/PC/S_NWC_PC-Ph_MSG4_Europe-VISIR_20191211T060000Z.nc added.
2019-12-11 06:20:47,193 INFO  File: /ARCHIVOSAF/NATIVO/2019345/RDT/S_NWC_RDT-CW_MSG4_Europe-VISIR_20191211T060000Z_045.nc added.
2019-12-11 06:20:47,193 INFO  File: /ARCHIVOSAF/NATIVO/2019345/CRR/S_NWC_CRR_MSG4_Europe-VISIR_20191211T060000Z.nc added.
2019-12-11 06:20:47,193 INFO  File: /ARCHIVOSAF/NATIVO/2019345/CTTH/S_NWC_CTTH_MSG4_Europe-VISIR_20191211T060000Z.nc added.
2019-12-11 06:20:47,193 INFO  File: /ARCHIVOSAF/NATIVO/2019345/RDT/S_NWC_RDT-CW_MSG4_Europe-VISIR_20191211T060000Z.nc added.
2019-12-11 06:20:47,194 INFO  File: /ARCHIVOSAF/NATIVO/2019345/RDT/S_NWC_RDT-CW_MSG4_Europe-VISIR_20191211T060000Z_030.nc added.
2019-12-11 06:20:47,194 INFO  File: /ARCHIVOSAF/NATIVO/2019345/iSHAI/S_NWC_iSHAI_MSG4_Europe-VISIR_20191211T060000Z.nc added.
2019-12-11 06:20:47,194 INFO  File: /ARCHIVOSAF/NATIVO/2019345/CRR/S_NWC_CRR-Ph_MSG4_Europe-VISIR_20191211T060000Z.nc added.
2019-12-11 06:20:47,194 INFO  File: /ARCHIVOSAF/NATIVO/2019345/PC/S_NWC_PC_MSG4_Europe-VISIR_20191211T060000Z.nc added.
2019-12-11 06:20:47,194 INFO  File: /ARCHIVOSAF/NATIVO/2019345/RDT/S_NWC_RDT-CW_MSG4_Europe-VISIR_20191211T060000Z_015.nc added.
2019-12-11 06:20:47,195 INFO 
Process 56518 stopped, removing from active process list, coressponds to the file: /ARCHIVOSAF/NATIVO/2019345/CT/S_NWC_CT_MSG4_Europe-VISIR_20191211T060000Z.nc NOW UPDATING ADAGUC. 

2019-12-11 06:20:48,216 INFO 
END OF ADAGUC UPDATING PROCESS FOR PRODUCT CT

2019-12-11 06:20:49,262 INFO  File: /ARCHIVOSAF/NATIVO/2019345/ASII/S_NWC_ASII-GW_MSG4_Europe-VISIR_20191211T060000Z.nc added.
2019-12-11 06:20:49,263 INFO  File: /ARCHIVOSAF/NATIVO/2019345/L1SD/S_NWC_IR120-BT_MSG4_Europe-VISIR_20191211T060000Z.nc added.
2019-12-11 06:20:49,263 INFO  File: /ARCHIVOSAF/NATIVO/2019345/CI/S_NWC_CI_MSG4_Europe-VISIR_20191211T060000Z.nc added.
2019-12-11 06:20:49,263 INFO  File: /ARCHIVOSAF/NATIVO/2019345/ASII/S_NWC_ASII-TF_MSG4_Europe-VISIR_20191211T060000Z.nc added.
2019-12-11 06:20:49,263 INFO /ARCHIVOSAF/NATIVO/2019345/CMA/S_NWC_CMA_MSG4_Europe-VISIR_20191211T060000Z.nc assumed as pixel product
2019-12-11 06:20:51,523 INFO 
Process 56525 stopped, removing from active process list, coressponds to the file: /ARCHIVOSAF/NATIVO/2019345/CMA/S_NWC_CMA_MSG4_Europe-VISIR_20191211T060000Z.nc NOW UPDATING ADAGUC. 

2019-12-11 06:20:52,543 INFO 
END OF ADAGUC UPDATING PROCESS FOR PRODUCT CMA

2019-12-11 06:20:53,569 INFO /ARCHIVOSAF/NATIVO/2019345/CMIC/S_NWC_CMIC_MSG4_Europe-VISIR_20191211T060000Z.nc assumed as pixel product
2019-12-11 06:20:55,829 INFO 
Process 56531 stopped, removing from active process list, coressponds to the file: /ARCHIVOSAF/NATIVO/2019345/CMIC/S_NWC_CMIC_MSG4_Europe-VISIR_20191211T060000Z.nc NOW UPDATING ADAGUC. 

2019-12-11 06:20:56,849 INFO 
END OF ADAGUC UPDATING PROCESS FOR PRODUCT CMIC

2019-12-11 06:20:57,875 INFO /ARCHIVOSAF/NATIVO/2019345/HRW/S_NWC_HRW_MSG4_Europe-VISIR_20191211T060000Z.nc assumed as HRW product
2019-12-11 06:21:00,135 INFO 
Process 56536 stopped, removing from active process list, coressponds to the file: /ARCHIVOSAF/NATIVO/2019345/HRW/S_NWC_HRW_MSG4_Europe-VISIR_20191211T060000Z.nc NOW UPDATING ADAGUC. 

2019-12-11 06:21:01,161 INFO 
END OF ADAGUC UPDATING PROCESS FOR PRODUCT HRW

2019-12-11 06:21:02,262 INFO /ARCHIVOSAF/NATIVO/2019345/PC/S_NWC_PC-Ph_MSG4_Europe-VISIR_20191211T060000Z.nc assumed as pixel product
2019-12-11 06:21:03,601 INFO  File: /ARCHIVOSAF/NATIVO/2019345/IMASK/S_NWC_IMASK_MSG4_Europe-VISIR_20191211T060000Z.nc added.
2019-12-11 06:21:03,602 INFO 
Process 56563 stopped, removing from active process list, coressponds to the file: /ARCHIVOSAF/NATIVO/2019345/PC/S_NWC_PC-Ph_MSG4_Europe-VISIR_20191211T060000Z.nc NOW UPDATING ADAGUC. 

2019-12-11 06:21:05,192 INFO 
END OF ADAGUC UPDATING PROCESS FOR PRODUCT PC-Ph

2019-12-11 06:21:06,233 INFO /ARCHIVOSAF/NATIVO/2019345/CRR/S_NWC_CRR_MSG4_Europe-VISIR_20191211T060000Z.nc assumed as pixel product
2019-12-11 06:21:08,498 INFO 
Process 56576 stopped, removing from active process list, coressponds to the file: /ARCHIVOSAF/NATIVO/2019345/CRR/S_NWC_CRR_MSG4_Europe-VISIR_20191211T060000Z.nc NOW UPDATING ADAGUC. 

2019-12-11 06:21:09,520 INFO 
END OF ADAGUC UPDATING PROCESS FOR PRODUCT CRR

2019-12-11 06:21:10,549 INFO /ARCHIVOSAF/NATIVO/2019345/CTTH/S_NWC_CTTH_MSG4_Europe-VISIR_20191211T060000Z.nc assumed as pixel product
2019-12-11 06:21:13,841 INFO 
Process 56588 stopped, removing from active process list, coressponds to the file: /ARCHIVOSAF/NATIVO/2019345/CTTH/S_NWC_CTTH_MSG4_Europe-VISIR_20191211T060000Z.nc NOW UPDATING ADAGUC. 

2019-12-11 06:21:14,864 INFO 
END OF ADAGUC UPDATING PROCESS FOR PRODUCT CTTH

2019-12-11 06:21:15,891 INFO /ARCHIVOSAF/NATIVO/2019345/IMASK/S_NWC_IMASK_MSG4_Europe-VISIR_20191211T060000Z.nc assumed as pixel product
2019-12-11 06:21:18,165 INFO 
Process 56610 stopped, removing from active process list, coressponds to the file: /ARCHIVOSAF/NATIVO/2019345/IMASK/S_NWC_IMASK_MSG4_Europe-VISIR_20191211T060000Z.nc NOW UPDATING ADAGUC. 

2019-12-11 06:21:19,185 INFO 
END OF ADAGUC UPDATING PROCESS FOR PRODUCT IMASK

2019-12-11 06:21:20,230 INFO /ARCHIVOSAF/NATIVO/2019345/ASII/S_NWC_ASII-TF_MSG4_Europe-VISIR_20191211T060000Z.nc assumed as pixel product
2019-12-11 06:21:21,460 INFO 
Process 56633 stopped, removing from active process list, coressponds to the file: /ARCHIVOSAF/NATIVO/2019345/ASII/S_NWC_ASII-TF_MSG4_Europe-VISIR_20191211T060000Z.nc NOW UPDATING ADAGUC. 

2019-12-11 06:21:22,478 INFO 
END OF ADAGUC UPDATING PROCESS FOR PRODUCT ASII-TF

2019-12-11 06:21:23,506 INFO /ARCHIVOSAF/NATIVO/2019345/CI/S_NWC_CI_MSG4_Europe-VISIR_20191211T060000Z.nc assumed as pixel product
2019-12-11 06:21:24,738 INFO 
Process 56646 stopped, removing from active process list, coressponds to the file: /ARCHIVOSAF/NATIVO/2019345/CI/S_NWC_CI_MSG4_Europe-VISIR_20191211T060000Z.nc NOW UPDATING ADAGUC. 

2019-12-11 06:21:25,761 INFO 
END OF ADAGUC UPDATING PROCESS FOR PRODUCT CI

2019-12-11 06:21:26,792 INFO /ARCHIVOSAF/NATIVO/2019345/L1SD/S_NWC_IR120-BT_MSG4_Europe-VISIR_20191211T060000Z.nc assumed as pixel product
2019-12-11 06:21:28,024 INFO 
Process 56658 stopped, removing from active process list, coressponds to the file: /ARCHIVOSAF/NATIVO/2019345/L1SD/S_NWC_IR120-BT_MSG4_Europe-VISIR_20191211T060000Z.nc NOW UPDATING ADAGUC. 

2019-12-11 06:21:29,044 INFO 
END OF ADAGUC UPDATING PROCESS FOR PRODUCT IR120-BT

2019-12-11 06:21:30,073 INFO /ARCHIVOSAF/NATIVO/2019345/ASII/S_NWC_ASII-GW_MSG4_Europe-VISIR_20191211T060000Z.nc assumed as pixel product
2019-12-11 06:21:31,307 INFO 
Process 56670 stopped, removing from active process list, coressponds to the file: /ARCHIVOSAF/NATIVO/2019345/ASII/S_NWC_ASII-GW_MSG4_Europe-VISIR_20191211T060000Z.nc NOW UPDATING ADAGUC. 

2019-12-11 06:21:32,330 INFO 
END OF ADAGUC UPDATING PROCESS FOR PRODUCT ASII-GW

2019-12-11 06:21:33,360 INFO /ARCHIVOSAF/NATIVO/2019345/PC/S_NWC_PC_MSG4_Europe-VISIR_20191211T060000Z.nc assumed as pixel product
2019-12-11 06:21:34,596 INFO 
Process 56691 stopped, removing from active process list, coressponds to the file: /ARCHIVOSAF/NATIVO/2019345/PC/S_NWC_PC_MSG4_Europe-VISIR_20191211T060000Z.nc NOW UPDATING ADAGUC. 

2019-12-11 06:21:35,619 INFO 
END OF ADAGUC UPDATING PROCESS FOR PRODUCT PC

2019-12-11 06:21:36,654 INFO /ARCHIVOSAF/NATIVO/2019345/CRR/S_NWC_CRR-Ph_MSG4_Europe-VISIR_20191211T060000Z.nc assumed as pixel product
2019-12-11 06:21:38,913 INFO 
Process 56715 stopped, removing from active process list, coressponds to the file: /ARCHIVOSAF/NATIVO/2019345/CRR/S_NWC_CRR-Ph_MSG4_Europe-VISIR_20191211T060000Z.nc NOW UPDATING ADAGUC. 

2019-12-11 06:21:39,937 INFO 
END OF ADAGUC UPDATING PROCESS FOR PRODUCT CRR-Ph

2019-12-11 06:21:40,965 INFO /ARCHIVOSAF/NATIVO/2019345/iSHAI/S_NWC_iSHAI_MSG4_Europe-VISIR_20191211T060000Z.nc assumed as pixel product
2019-12-11 06:21:48,361 INFO 
Process 56727 stopped, removing from active process list, coressponds to the file: /ARCHIVOSAF/NATIVO/2019345/iSHAI/S_NWC_iSHAI_MSG4_Europe-VISIR_20191211T060000Z.nc NOW UPDATING ADAGUC. 

2019-12-11 06:21:49,391 INFO 
END OF ADAGUC UPDATING PROCESS FOR PRODUCT iSHAI

2019-12-11 06:21:50,426 INFO /ARCHIVOSAF/NATIVO/2019345/RDT/S_NWC_RDT-CW_MSG4_Europe-VISIR_20191211T060000Z.nc assumed as RDT product
2019-12-11 06:22:37,898 INFO 
Process 56741 stopped, removing from active process list, coressponds to the file: /ARCHIVOSAF/NATIVO/2019345/RDT/S_NWC_RDT-CW_MSG4_Europe-VISIR_20191211T060000Z.nc NOW UPDATING ADAGUC. 

2019-12-11 06:22:38,918 INFO 
END OF ADAGUC UPDATING PROCESS FOR PRODUCT RDT-CW

2019-12-11 06:34:42,789 INFO  File: /ARCHIVOSAF/NATIVO/2019345/CMIC/S_NWC_CMIC_MSG4_Europe-VISIR_20191211T061500Z.nc added.
2019-12-11 06:34:42,789 INFO  File: /ARCHIVOSAF/NATIVO/2019345/PC/S_NWC_PC-Ph_MSG4_Europe-VISIR_20191211T061500Z.nc added.
2019-12-11 06:34:42,790 INFO  File: /ARCHIVOSAF/NATIVO/2019345/CMA/S_NWC_CMA_MSG4_Europe-VISIR_20191211T061500Z.nc added.
2019-12-11 06:34:42,790 INFO  File: /ARCHIVOSAF/NATIVO/2019345/CTTH/S_NWC_CTTH_MSG4_Europe-VISIR_20191211T061500Z.nc added.
2019-12-11 06:34:42,790 INFO  File: /ARCHIVOSAF/NATIVO/2019345/PC/S_NWC_PC_MSG4_Europe-VISIR_20191211T061500Z.nc added.
2019-12-11 06:34:42,790 INFO  File: /ARCHIVOSAF/NATIVO/2019345/CT/S_NWC_CT_MSG4_Europe-VISIR_20191211T061500Z.nc added.
2019-12-11 06:34:42,790 INFO /ARCHIVOSAF/NATIVO/2019345/CMIC/S_NWC_CMIC_MSG4_Europe-VISIR_20191211T061500Z.nc assumed as pixel product
2019-12-11 06:34:44,059 INFO  File: /ARCHIVOSAF/NATIVO/2019345/RDT/S_NWC_RDT-CW_MSG4_Europe-VISIR_20191211T061500Z_030.nc added.
2019-12-11 06:34:44,059 INFO  File: /ARCHIVOSAF/NATIVO/2019345/iSHAI/S_NWC_iSHAI_MSG4_Europe-VISIR_20191211T061500Z.nc added.
2019-12-11 06:34:44,059 INFO  File: /ARCHIVOSAF/NATIVO/2019345/ASII/S_NWC_ASII-GW_MSG4_Europe-VISIR_20191211T061500Z.nc added.
2019-12-11 06:34:44,060 INFO  File: /ARCHIVOSAF/NATIVO/2019345/HRW/S_NWC_HRW_MSG4_Europe-VISIR_20191211T061500Z.nc added.
2019-12-11 06:34:44,060 INFO  File: /ARCHIVOSAF/NATIVO/2019345/CRR/S_NWC_CRR-Ph_MSG4_Europe-VISIR_20191211T061500Z.nc added.
2019-12-11 06:34:44,060 INFO  File: /ARCHIVOSAF/NATIVO/2019345/RDT/S_NWC_RDT-CW_MSG4_Europe-VISIR_20191211T061500Z.nc added.
2019-12-11 06:34:44,060 INFO  File: /ARCHIVOSAF/NATIVO/2019345/L1SD/S_NWC_IR120-BT_MSG4_Europe-VISIR_20191211T061500Z.nc added.
2019-12-11 06:34:44,060 INFO  File: /ARCHIVOSAF/NATIVO/2019345/CRR/S_NWC_CRR_MSG4_Europe-VISIR_20191211T061500Z.nc added.
2019-12-11 06:34:44,060 INFO  File: /ARCHIVOSAF/NATIVO/2019345/RDT/S_NWC_RDT-CW_MSG4_Europe-VISIR_20191211T061500Z_045.nc added.
2019-12-11 06:34:44,061 INFO  File: /ARCHIVOSAF/NATIVO/2019345/RDT/S_NWC_RDT-CW_MSG4_Europe-VISIR_20191211T061500Z_060.nc added.
2019-12-11 06:34:44,061 INFO  File: /ARCHIVOSAF/NATIVO/2019345/RDT/S_NWC_RDT-CW_MSG4_Europe-VISIR_20191211T061500Z_015.nc added.
2019-12-11 06:34:44,061 INFO  File: /ARCHIVOSAF/NATIVO/2019345/CI/S_NWC_CI_MSG4_Europe-VISIR_20191211T061500Z.nc added.
2019-12-11 06:34:44,061 INFO  File: /ARCHIVOSAF/NATIVO/2019345/ASII/S_NWC_ASII-TF_MSG4_Europe-VISIR_20191211T061500Z.nc added.
2019-12-11 06:34:45,091 INFO 
Process 57908 stopped, removing from active process list, coressponds to the file: /ARCHIVOSAF/NATIVO/2019345/CMIC/S_NWC_CMIC_MSG4_Europe-VISIR_20191211T061500Z.nc NOW UPDATING ADAGUC. 

2019-12-11 06:34:46,113 INFO 
END OF ADAGUC UPDATING PROCESS FOR PRODUCT CMIC

2019-12-11 06:34:47,140 INFO /ARCHIVOSAF/NATIVO/2019345/PC/S_NWC_PC-Ph_MSG4_Europe-VISIR_20191211T061500Z.nc assumed as pixel product
2019-12-11 06:34:48,371 INFO 
Process 57915 stopped, removing from active process list, coressponds to the file: /ARCHIVOSAF/NATIVO/2019345/PC/S_NWC_PC-Ph_MSG4_Europe-VISIR_20191211T061500Z.nc NOW UPDATING ADAGUC. 

2019-12-11 06:34:49,390 INFO 
END OF ADAGUC UPDATING PROCESS FOR PRODUCT PC-Ph

2019-12-11 06:34:50,417 INFO /ARCHIVOSAF/NATIVO/2019345/CMA/S_NWC_CMA_MSG4_Europe-VISIR_20191211T061500Z.nc assumed as pixel product
2019-12-11 06:34:52,677 INFO 
Process 57924 stopped, removing from active process list, coressponds to the file: /ARCHIVOSAF/NATIVO/2019345/CMA/S_NWC_CMA_MSG4_Europe-VISIR_20191211T061500Z.nc NOW UPDATING ADAGUC. 

2019-12-11 06:34:53,697 INFO 
END OF ADAGUC UPDATING PROCESS FOR PRODUCT CMA

2019-12-11 06:34:54,723 INFO /ARCHIVOSAF/NATIVO/2019345/CTTH/S_NWC_CTTH_MSG4_Europe-VISIR_20191211T061500Z.nc assumed as pixel product
2019-12-11 06:34:58,054 INFO 
Process 57929 stopped, removing from active process list, coressponds to the file: /ARCHIVOSAF/NATIVO/2019345/CTTH/S_NWC_CTTH_MSG4_Europe-VISIR_20191211T061500Z.nc NOW UPDATING ADAGUC. 

2019-12-11 06:34:59,073 INFO 
END OF ADAGUC UPDATING PROCESS FOR PRODUCT CTTH

2019-12-11 06:35:00,102 INFO /ARCHIVOSAF/NATIVO/2019345/PC/S_NWC_PC_MSG4_Europe-VISIR_20191211T061500Z.nc assumed as pixel product
2019-12-11 06:35:01,339 INFO 
Process 57935 stopped, removing from active process list, coressponds to the file: /ARCHIVOSAF/NATIVO/2019345/PC/S_NWC_PC_MSG4_Europe-VISIR_20191211T061500Z.nc NOW UPDATING ADAGUC. 

2019-12-11 06:35:02,360 INFO 
END OF ADAGUC UPDATING PROCESS FOR PRODUCT PC

2019-12-11 06:35:03,388 INFO /ARCHIVOSAF/NATIVO/2019345/CT/S_NWC_CT_MSG4_Europe-VISIR_20191211T061500Z.nc assumed as pixel product
2019-12-11 06:35:04,622 INFO 
Process 57955 stopped, removing from active process list, coressponds to the file: /ARCHIVOSAF/NATIVO/2019345/CT/S_NWC_CT_MSG4_Europe-VISIR_20191211T061500Z.nc NOW UPDATING ADAGUC. 

2019-12-11 06:35:05,644 INFO 
END OF ADAGUC UPDATING PROCESS FOR PRODUCT CT

2019-12-11 06:35:06,672 INFO /ARCHIVOSAF/NATIVO/2019345/iSHAI/S_NWC_iSHAI_MSG4_Europe-VISIR_20191211T061500Z.nc assumed as pixel product
2019-12-11 06:35:15,153 INFO 
Process 57966 stopped, removing from active process list, coressponds to the file: /ARCHIVOSAF/NATIVO/2019345/iSHAI/S_NWC_iSHAI_MSG4_Europe-VISIR_20191211T061500Z.nc NOW UPDATING ADAGUC. 

2019-12-11 06:35:16,173 INFO 
END OF ADAGUC UPDATING PROCESS FOR PRODUCT iSHAI

2019-12-11 06:35:17,203 INFO /ARCHIVOSAF/NATIVO/2019345/ASII/S_NWC_ASII-GW_MSG4_Europe-VISIR_20191211T061500Z.nc assumed as pixel product
2019-12-11 06:35:18,435 INFO 
Process 57990 stopped, removing from active process list, coressponds to the file: /ARCHIVOSAF/NATIVO/2019345/ASII/S_NWC_ASII-GW_MSG4_Europe-VISIR_20191211T061500Z.nc NOW UPDATING ADAGUC. 

2019-12-11 06:35:19,459 INFO 
END OF ADAGUC UPDATING PROCESS FOR PRODUCT ASII-GW

2019-12-11 06:35:20,487 INFO /ARCHIVOSAF/NATIVO/2019345/HRW/S_NWC_HRW_MSG4_Europe-VISIR_20191211T061500Z.nc assumed as HRW product
2019-12-11 06:35:22,771 INFO 
Process 57999 stopped, removing from active process list, coressponds to the file: /ARCHIVOSAF/NATIVO/2019345/HRW/S_NWC_HRW_MSG4_Europe-VISIR_20191211T061500Z.nc NOW UPDATING ADAGUC. 

2019-12-11 06:35:23,791 INFO 
END OF ADAGUC UPDATING PROCESS FOR PRODUCT HRW

2019-12-11 06:35:24,821 INFO /ARCHIVOSAF/NATIVO/2019345/CRR/S_NWC_CRR-Ph_MSG4_Europe-VISIR_20191211T061500Z.nc assumed as pixel product
2019-12-11 06:35:27,083 INFO 
Process 58016 stopped, removing from active process list, coressponds to the file: /ARCHIVOSAF/NATIVO/2019345/CRR/S_NWC_CRR-Ph_MSG4_Europe-VISIR_20191211T061500Z.nc NOW UPDATING ADAGUC. 

2019-12-11 06:35:28,105 INFO 
END OF ADAGUC UPDATING PROCESS FOR PRODUCT CRR-Ph

2019-12-11 06:35:29,134 INFO /ARCHIVOSAF/NATIVO/2019345/ASII/S_NWC_ASII-TF_MSG4_Europe-VISIR_20191211T061500Z.nc assumed as pixel product
2019-12-11 06:35:30,365 INFO 
Process 58032 stopped, removing from active process list, coressponds to the file: /ARCHIVOSAF/NATIVO/2019345/ASII/S_NWC_ASII-TF_MSG4_Europe-VISIR_20191211T061500Z.nc NOW UPDATING ADAGUC. 

2019-12-11 06:35:31,384 INFO 
END OF ADAGUC UPDATING PROCESS FOR PRODUCT ASII-TF

2019-12-11 06:35:32,412 INFO /ARCHIVOSAF/NATIVO/2019345/CI/S_NWC_CI_MSG4_Europe-VISIR_20191211T061500Z.nc assumed as pixel product
2019-12-11 06:35:33,645 INFO 
Process 58048 stopped, removing from active process list, coressponds to the file: /ARCHIVOSAF/NATIVO/2019345/CI/S_NWC_CI_MSG4_Europe-VISIR_20191211T061500Z.nc NOW UPDATING ADAGUC. 

2019-12-11 06:35:34,665 INFO 
END OF ADAGUC UPDATING PROCESS FOR PRODUCT CI

2019-12-11 06:35:35,693 INFO /ARCHIVOSAF/NATIVO/2019345/CRR/S_NWC_CRR_MSG4_Europe-VISIR_20191211T061500Z.nc assumed as pixel product
2019-12-11 06:35:37,955 INFO 
Process 58063 stopped, removing from active process list, coressponds to the file: /ARCHIVOSAF/NATIVO/2019345/CRR/S_NWC_CRR_MSG4_Europe-VISIR_20191211T061500Z.nc NOW UPDATING ADAGUC. 

2019-12-11 06:35:38,978 INFO 
END OF ADAGUC UPDATING PROCESS FOR PRODUCT CRR

2019-12-11 06:35:40,011 INFO /ARCHIVOSAF/NATIVO/2019345/L1SD/S_NWC_IR120-BT_MSG4_Europe-VISIR_20191211T061500Z.nc assumed as pixel product
2019-12-11 06:35:41,242 INFO 
Process 58082 stopped, removing from active process list, coressponds to the file: /ARCHIVOSAF/NATIVO/2019345/L1SD/S_NWC_IR120-BT_MSG4_Europe-VISIR_20191211T061500Z.nc NOW UPDATING ADAGUC. 

2019-12-11 06:35:42,265 INFO 
END OF ADAGUC UPDATING PROCESS FOR PRODUCT IR120-BT

2019-12-11 06:35:43,297 INFO /ARCHIVOSAF/NATIVO/2019345/RDT/S_NWC_RDT-CW_MSG4_Europe-VISIR_20191211T061500Z.nc assumed as RDT product
2019-12-11 06:36:03,062 INFO  File: /ARCHIVOSAF/NATIVO/2019345/IMASK/S_NWC_IMASK_MSG4_Europe-VISIR_20191211T061500Z.nc added.
2019-12-11 06:36:31,950 INFO 
Process 58087 stopped, removing from active process list, coressponds to the file: /ARCHIVOSAF/NATIVO/2019345/RDT/S_NWC_RDT-CW_MSG4_Europe-VISIR_20191211T061500Z.nc NOW UPDATING ADAGUC. 

2019-12-11 06:36:32,975 INFO 
END OF ADAGUC UPDATING PROCESS FOR PRODUCT RDT-CW

2019-12-11 06:36:34,004 INFO /ARCHIVOSAF/NATIVO/2019345/IMASK/S_NWC_IMASK_MSG4_Europe-VISIR_20191211T061500Z.nc assumed as pixel product
2019-12-11 06:36:36,264 INFO 
Process 58210 stopped, removing from active process list, coressponds to the file: /ARCHIVOSAF/NATIVO/2019345/IMASK/S_NWC_IMASK_MSG4_Europe-VISIR_20191211T061500Z.nc NOW UPDATING ADAGUC. 

2019-12-11 06:36:37,292 INFO 
END OF ADAGUC UPDATING PROCESS FOR PRODUCT IMASK

2019-12-11 06:49:25,332 INFO  File: /ARCHIVOSAF/NATIVO/2019345/CMA/S_NWC_CMA_MSG4_Europe-VISIR_20191211T063000Z.nc added.
2019-12-11 06:49:25,333 INFO /ARCHIVOSAF/NATIVO/2019345/CMA/S_NWC_CMA_MSG4_Europe-VISIR_20191211T063000Z.nc assumed as pixel product
2019-12-11 06:49:26,600 INFO  File: /ARCHIVOSAF/NATIVO/2019345/CT/S_NWC_CT_MSG4_Europe-VISIR_20191211T063000Z.nc added.
2019-12-11 06:49:26,600 INFO  File: /ARCHIVOSAF/NATIVO/2019345/PC/S_NWC_PC-Ph_MSG4_Europe-VISIR_20191211T063000Z.nc added.
2019-12-11 06:49:26,601 INFO  File: /ARCHIVOSAF/NATIVO/2019345/iSHAI/S_NWC_iSHAI_MSG4_Europe-VISIR_20191211T063000Z.nc added.
2019-12-11 06:49:26,601 INFO  File: /ARCHIVOSAF/NATIVO/2019345/RDT/S_NWC_RDT-CW_MSG4_Europe-VISIR_20191211T063000Z.nc added.
2019-12-11 06:49:26,601 INFO  File: /ARCHIVOSAF/NATIVO/2019345/CI/S_NWC_CI_MSG4_Europe-VISIR_20191211T063000Z.nc added.
2019-12-11 06:49:26,601 INFO  File: /ARCHIVOSAF/NATIVO/2019345/PC/S_NWC_PC_MSG4_Europe-VISIR_20191211T063000Z.nc added.
2019-12-11 06:49:26,601 INFO  File: /ARCHIVOSAF/NATIVO/2019345/RDT/S_NWC_RDT-CW_MSG4_Europe-VISIR_20191211T063000Z_030.nc added.
2019-12-11 06:49:26,602 INFO  File: /ARCHIVOSAF/NATIVO/2019345/CRR/S_NWC_CRR_MSG4_Europe-VISIR_20191211T063000Z.nc added.
2019-12-11 06:49:26,602 INFO  File: /ARCHIVOSAF/NATIVO/2019345/CTTH/S_NWC_CTTH_MSG4_Europe-VISIR_20191211T063000Z.nc added.
2019-12-11 06:49:26,602 INFO  File: /ARCHIVOSAF/NATIVO/2019345/RDT/S_NWC_RDT-CW_MSG4_Europe-VISIR_20191211T063000Z_015.nc added.
2019-12-11 06:49:26,602 INFO  File: /ARCHIVOSAF/NATIVO/2019345/CMIC/S_NWC_CMIC_MSG4_Europe-VISIR_20191211T063000Z.nc added.
2019-12-11 06:49:26,602 INFO  File: /ARCHIVOSAF/NATIVO/2019345/HRW/S_NWC_HRW_MSG4_Europe-VISIR_20191211T063000Z.nc added.
2019-12-11 06:49:26,602 INFO  File: /ARCHIVOSAF/NATIVO/2019345/RDT/S_NWC_RDT-CW_MSG4_Europe-VISIR_20191211T063000Z_045.nc added.
2019-12-11 06:49:26,602 INFO  File: /ARCHIVOSAF/NATIVO/2019345/RDT/S_NWC_RDT-CW_MSG4_Europe-VISIR_20191211T063000Z_060.nc added.
2019-12-11 06:49:26,603 INFO  File: /ARCHIVOSAF/NATIVO/2019345/CRR/S_NWC_CRR-Ph_MSG4_Europe-VISIR_20191211T063000Z.nc added.
2019-12-11 06:49:26,603 INFO 
Process 59204 stopped, removing from active process list, coressponds to the file: /ARCHIVOSAF/NATIVO/2019345/CMA/S_NWC_CMA_MSG4_Europe-VISIR_20191211T063000Z.nc NOW UPDATING ADAGUC. 

2019-12-11 06:49:27,627 INFO 
END OF ADAGUC UPDATING PROCESS FOR PRODUCT CMA

2019-12-11 06:49:28,668 INFO  File: /ARCHIVOSAF/NATIVO/2019345/ASII/S_NWC_ASII-TF_MSG4_Europe-VISIR_20191211T063000Z.nc added.
2019-12-11 06:49:28,669 INFO  File: /ARCHIVOSAF/NATIVO/2019345/ASII/S_NWC_ASII-GW_MSG4_Europe-VISIR_20191211T063000Z.nc added.
2019-12-11 06:49:28,669 INFO  File: /ARCHIVOSAF/NATIVO/2019345/L1SD/S_NWC_IR120-BT_MSG4_Europe-VISIR_20191211T063000Z.nc added.
2019-12-11 06:49:28,669 INFO /ARCHIVOSAF/NATIVO/2019345/CT/S_NWC_CT_MSG4_Europe-VISIR_20191211T063000Z.nc assumed as pixel product
2019-12-11 06:49:29,895 INFO 
Process 59216 stopped, removing from active process list, coressponds to the file: /ARCHIVOSAF/NATIVO/2019345/CT/S_NWC_CT_MSG4_Europe-VISIR_20191211T063000Z.nc NOW UPDATING ADAGUC. 

2019-12-11 06:49:30,913 INFO 
END OF ADAGUC UPDATING PROCESS FOR PRODUCT CT

2019-12-11 06:49:31,937 INFO /ARCHIVOSAF/NATIVO/2019345/PC/S_NWC_PC-Ph_MSG4_Europe-VISIR_20191211T063000Z.nc assumed as pixel product
2019-12-11 06:49:33,160 INFO 
Process 59228 stopped, removing from active process list, coressponds to the file: /ARCHIVOSAF/NATIVO/2019345/PC/S_NWC_PC-Ph_MSG4_Europe-VISIR_20191211T063000Z.nc NOW UPDATING ADAGUC. 

2019-12-11 06:49:34,178 INFO 
END OF ADAGUC UPDATING PROCESS FOR PRODUCT PC-Ph

2019-12-11 06:49:35,200 INFO /ARCHIVOSAF/NATIVO/2019345/iSHAI/S_NWC_iSHAI_MSG4_Europe-VISIR_20191211T063000Z.nc assumed as pixel product
2019-12-11 06:49:40,509 INFO 
Process 59244 stopped, removing from active process list, coressponds to the file: /ARCHIVOSAF/NATIVO/2019345/iSHAI/S_NWC_iSHAI_MSG4_Europe-VISIR_20191211T063000Z.nc NOW UPDATING ADAGUC. 

2019-12-11 06:49:41,527 INFO 
END OF ADAGUC UPDATING PROCESS FOR PRODUCT iSHAI

2019-12-11 06:49:42,554 INFO /ARCHIVOSAF/NATIVO/2019345/L1SD/S_NWC_IR120-BT_MSG4_Europe-VISIR_20191211T063000Z.nc assumed as pixel product
2019-12-11 06:49:43,782 INFO 
Process 59249 stopped, removing from active process list, coressponds to the file: /ARCHIVOSAF/NATIVO/2019345/L1SD/S_NWC_IR120-BT_MSG4_Europe-VISIR_20191211T063000Z.nc NOW UPDATING ADAGUC. 

2019-12-11 06:49:44,800 INFO 
END OF ADAGUC UPDATING PROCESS FOR PRODUCT IR120-BT

2019-12-11 06:49:45,825 INFO /ARCHIVOSAF/NATIVO/2019345/ASII/S_NWC_ASII-GW_MSG4_Europe-VISIR_20191211T063000Z.nc assumed as pixel product
2019-12-11 06:49:47,058 INFO 
Process 59254 stopped, removing from active process list, coressponds to the file: /ARCHIVOSAF/NATIVO/2019345/ASII/S_NWC_ASII-GW_MSG4_Europe-VISIR_20191211T063000Z.nc NOW UPDATING ADAGUC. 

2019-12-11 06:49:48,085 INFO 
END OF ADAGUC UPDATING PROCESS FOR PRODUCT ASII-GW

2019-12-11 06:49:49,112 INFO /ARCHIVOSAF/NATIVO/2019345/ASII/S_NWC_ASII-TF_MSG4_Europe-VISIR_20191211T063000Z.nc assumed as pixel product
2019-12-11 06:49:50,346 INFO 
Process 59260 stopped, removing from active process list, coressponds to the file: /ARCHIVOSAF/NATIVO/2019345/ASII/S_NWC_ASII-TF_MSG4_Europe-VISIR_20191211T063000Z.nc NOW UPDATING ADAGUC. 

2019-12-11 06:49:51,365 INFO 
END OF ADAGUC UPDATING PROCESS FOR PRODUCT ASII-TF

2019-12-11 06:49:52,393 INFO /ARCHIVOSAF/NATIVO/2019345/CRR/S_NWC_CRR-Ph_MSG4_Europe-VISIR_20191211T063000Z.nc assumed as pixel product
2019-12-11 06:49:54,645 INFO 
Process 59265 stopped, removing from active process list, coressponds to the file: /ARCHIVOSAF/NATIVO/2019345/CRR/S_NWC_CRR-Ph_MSG4_Europe-VISIR_20191211T063000Z.nc NOW UPDATING ADAGUC. 

2019-12-11 06:49:55,665 INFO 
END OF ADAGUC UPDATING PROCESS FOR PRODUCT CRR-Ph

2019-12-11 06:49:56,692 INFO /ARCHIVOSAF/NATIVO/2019345/HRW/S_NWC_HRW_MSG4_Europe-VISIR_20191211T063000Z.nc assumed as HRW product
2019-12-11 06:49:57,919 INFO 
Process 59270 stopped, removing from active process list, coressponds to the file: /ARCHIVOSAF/NATIVO/2019345/HRW/S_NWC_HRW_MSG4_Europe-VISIR_20191211T063000Z.nc NOW UPDATING ADAGUC. 

2019-12-11 06:49:58,934 INFO 
END OF ADAGUC UPDATING PROCESS FOR PRODUCT HRW

2019-12-11 06:49:59,962 INFO /ARCHIVOSAF/NATIVO/2019345/CMIC/S_NWC_CMIC_MSG4_Europe-VISIR_20191211T063000Z.nc assumed as pixel product
2019-12-11 06:50:02,210 INFO 
Process 59275 stopped, removing from active process list, coressponds to the file: /ARCHIVOSAF/NATIVO/2019345/CMIC/S_NWC_CMIC_MSG4_Europe-VISIR_20191211T063000Z.nc NOW UPDATING ADAGUC. 

2019-12-11 06:50:03,228 INFO 
END OF ADAGUC UPDATING PROCESS FOR PRODUCT CMIC

2019-12-11 06:50:04,255 INFO /ARCHIVOSAF/NATIVO/2019345/CTTH/S_NWC_CTTH_MSG4_Europe-VISIR_20191211T063000Z.nc assumed as pixel product
2019-12-11 06:50:08,555 INFO 
Process 59303 stopped, removing from active process list, coressponds to the file: /ARCHIVOSAF/NATIVO/2019345/CTTH/S_NWC_CTTH_MSG4_Europe-VISIR_20191211T063000Z.nc NOW UPDATING ADAGUC. 

2019-12-11 06:50:09,572 INFO 
END OF ADAGUC UPDATING PROCESS FOR PRODUCT CTTH

2019-12-11 06:50:10,598 INFO /ARCHIVOSAF/NATIVO/2019345/CRR/S_NWC_CRR_MSG4_Europe-VISIR_20191211T063000Z.nc assumed as pixel product
2019-12-11 06:50:11,828 INFO 
Process 59329 stopped, removing from active process list, coressponds to the file: /ARCHIVOSAF/NATIVO/2019345/CRR/S_NWC_CRR_MSG4_Europe-VISIR_20191211T063000Z.nc NOW UPDATING ADAGUC. 

2019-12-11 06:50:12,850 INFO 
END OF ADAGUC UPDATING PROCESS FOR PRODUCT CRR

2019-12-11 06:50:13,876 INFO /ARCHIVOSAF/NATIVO/2019345/PC/S_NWC_PC_MSG4_Europe-VISIR_20191211T063000Z.nc assumed as pixel product
2019-12-11 06:50:15,104 INFO 
Process 59344 stopped, removing from active process list, coressponds to the file: /ARCHIVOSAF/NATIVO/2019345/PC/S_NWC_PC_MSG4_Europe-VISIR_20191211T063000Z.nc NOW UPDATING ADAGUC. 

2019-12-11 06:50:16,126 INFO 
END OF ADAGUC UPDATING PROCESS FOR PRODUCT PC

2019-12-11 06:50:17,152 INFO /ARCHIVOSAF/NATIVO/2019345/CI/S_NWC_CI_MSG4_Europe-VISIR_20191211T063000Z.nc assumed as pixel product
2019-12-11 06:50:18,382 INFO 
Process 59360 stopped, removing from active process list, coressponds to the file: /ARCHIVOSAF/NATIVO/2019345/CI/S_NWC_CI_MSG4_Europe-VISIR_20191211T063000Z.nc NOW UPDATING ADAGUC. 

2019-12-11 06:50:19,397 INFO 
END OF ADAGUC UPDATING PROCESS FOR PRODUCT CI

2019-12-11 06:50:20,422 INFO /ARCHIVOSAF/NATIVO/2019345/RDT/S_NWC_RDT-CW_MSG4_Europe-VISIR_20191211T063000Z.nc assumed as RDT product
2019-12-11 06:50:53,394 INFO 
Process 59379 stopped, removing from active process list, coressponds to the file: /ARCHIVOSAF/NATIVO/2019345/RDT/S_NWC_RDT-CW_MSG4_Europe-VISIR_20191211T063000Z.nc NOW UPDATING ADAGUC. 

2019-12-11 06:50:54,425 INFO 
END OF ADAGUC UPDATING PROCESS FOR PRODUCT RDT-CW

2019-12-11 06:51:03,747 INFO  File: /ARCHIVOSAF/NATIVO/2019345/IMASK/S_NWC_IMASK_MSG4_Europe-VISIR_20191211T063000Z.nc added.
2019-12-11 06:51:03,748 INFO /ARCHIVOSAF/NATIVO/2019345/IMASK/S_NWC_IMASK_MSG4_Europe-VISIR_20191211T063000Z.nc assumed as pixel product
2019-12-11 06:51:06,046 INFO 
Process 59449 stopped, removing from active process list, coressponds to the file: /ARCHIVOSAF/NATIVO/2019345/IMASK/S_NWC_IMASK_MSG4_Europe-VISIR_20191211T063000Z.nc NOW UPDATING ADAGUC. 

2019-12-11 06:51:07,064 INFO 
END OF ADAGUC UPDATING PROCESS FOR PRODUCT IMASK

2019-12-11 07:04:35,714 INFO  File: /ARCHIVOSAF/NATIVO/2019345/PC/S_NWC_PC_MSG4_Europe-VISIR_20191211T064500Z.nc added.
2019-12-11 07:04:35,714 INFO  File: /ARCHIVOSAF/NATIVO/2019345/CRR/S_NWC_CRR_MSG4_Europe-VISIR_20191211T064500Z.nc added.
2019-12-11 07:04:35,715 INFO  File: /ARCHIVOSAF/NATIVO/2019345/CTTH/S_NWC_CTTH_MSG4_Europe-VISIR_20191211T064500Z.nc added.
2019-12-11 07:04:35,715 INFO  File: /ARCHIVOSAF/NATIVO/2019345/PC/S_NWC_PC-Ph_MSG4_Europe-VISIR_20191211T064500Z.nc added.
2019-12-11 07:04:35,715 INFO  File: /ARCHIVOSAF/NATIVO/2019345/CMIC/S_NWC_CMIC_MSG4_Europe-VISIR_20191211T064500Z.nc added.
2019-12-11 07:04:35,715 INFO  File: /ARCHIVOSAF/NATIVO/2019345/CRR/S_NWC_CRR-Ph_MSG4_Europe-VISIR_20191211T064500Z.nc added.
2019-12-11 07:04:35,715 INFO  File: /ARCHIVOSAF/NATIVO/2019345/CT/S_NWC_CT_MSG4_Europe-VISIR_20191211T064500Z.nc added.
2019-12-11 07:04:35,715 INFO  File: /ARCHIVOSAF/NATIVO/2019345/iSHAI/S_NWC_iSHAI_MSG4_Europe-VISIR_20191211T064500Z.nc added.
2019-12-11 07:04:35,716 INFO  File: /ARCHIVOSAF/NATIVO/2019345/CMA/S_NWC_CMA_MSG4_Europe-VISIR_20191211T064500Z.nc added.
2019-12-11 07:04:35,716 INFO /ARCHIVOSAF/NATIVO/2019345/PC/S_NWC_PC_MSG4_Europe-VISIR_20191211T064500Z.nc assumed as pixel product
2019-12-11 07:04:36,973 INFO  File: /ARCHIVOSAF/NATIVO/2019345/RDT/S_NWC_RDT-CW_MSG4_Europe-VISIR_20191211T064500Z_060.nc added.
2019-12-11 07:04:36,974 INFO  File: /ARCHIVOSAF/NATIVO/2019345/L1SD/S_NWC_IR120-BT_MSG4_Europe-VISIR_20191211T064500Z.nc added.
2019-12-11 07:04:36,974 INFO  File: /ARCHIVOSAF/NATIVO/2019345/RDT/S_NWC_RDT-CW_MSG4_Europe-VISIR_20191211T064500Z.nc added.
2019-12-11 07:04:36,974 INFO  File: /ARCHIVOSAF/NATIVO/2019345/CI/S_NWC_CI_MSG4_Europe-VISIR_20191211T064500Z.nc added.
2019-12-11 07:04:36,974 INFO  File: /ARCHIVOSAF/NATIVO/2019345/ASII/S_NWC_ASII-GW_MSG4_Europe-VISIR_20191211T064500Z.nc added.
2019-12-11 07:04:36,975 INFO  File: /ARCHIVOSAF/NATIVO/2019345/ASII/S_NWC_ASII-TF_MSG4_Europe-VISIR_20191211T064500Z.nc added.
2019-12-11 07:04:36,975 INFO  File: /ARCHIVOSAF/NATIVO/2019345/RDT/S_NWC_RDT-CW_MSG4_Europe-VISIR_20191211T064500Z_045.nc added.
2019-12-11 07:04:36,975 INFO  File: /ARCHIVOSAF/NATIVO/2019345/RDT/S_NWC_RDT-CW_MSG4_Europe-VISIR_20191211T064500Z_015.nc added.
2019-12-11 07:04:36,975 INFO  File: /ARCHIVOSAF/NATIVO/2019345/RDT/S_NWC_RDT-CW_MSG4_Europe-VISIR_20191211T064500Z_030.nc added.
2019-12-11 07:04:36,975 INFO  File: /ARCHIVOSAF/NATIVO/2019345/HRW/S_NWC_HRW_MSG4_Europe-VISIR_20191211T064500Z.nc added.
2019-12-11 07:04:36,976 INFO 
Process 64529 stopped, removing from active process list, coressponds to the file: /ARCHIVOSAF/NATIVO/2019345/PC/S_NWC_PC_MSG4_Europe-VISIR_20191211T064500Z.nc NOW UPDATING ADAGUC. 

2019-12-11 07:04:37,998 INFO 
END OF ADAGUC UPDATING PROCESS FOR PRODUCT PC

2019-12-11 07:04:39,024 INFO /ARCHIVOSAF/NATIVO/2019345/CRR/S_NWC_CRR_MSG4_Europe-VISIR_20191211T064500Z.nc assumed as pixel product
2019-12-11 07:04:40,250 INFO 
Process 64535 stopped, removing from active process list, coressponds to the file: /ARCHIVOSAF/NATIVO/2019345/CRR/S_NWC_CRR_MSG4_Europe-VISIR_20191211T064500Z.nc NOW UPDATING ADAGUC. 

2019-12-11 07:04:41,268 INFO 
END OF ADAGUC UPDATING PROCESS FOR PRODUCT CRR

2019-12-11 07:04:42,300 INFO /ARCHIVOSAF/NATIVO/2019345/CTTH/S_NWC_CTTH_MSG4_Europe-VISIR_20191211T064500Z.nc assumed as pixel product
2019-12-11 07:04:44,638 INFO 
Process 64540 stopped, removing from active process list, coressponds to the file: /ARCHIVOSAF/NATIVO/2019345/CTTH/S_NWC_CTTH_MSG4_Europe-VISIR_20191211T064500Z.nc NOW UPDATING ADAGUC. 

2019-12-11 07:04:45,658 INFO 
END OF ADAGUC UPDATING PROCESS FOR PRODUCT CTTH

2019-12-11 07:04:46,684 INFO /ARCHIVOSAF/NATIVO/2019345/PC/S_NWC_PC-Ph_MSG4_Europe-VISIR_20191211T064500Z.nc assumed as pixel product
2019-12-11 07:04:47,918 INFO 
Process 64545 stopped, removing from active process list, coressponds to the file: /ARCHIVOSAF/NATIVO/2019345/PC/S_NWC_PC-Ph_MSG4_Europe-VISIR_20191211T064500Z.nc NOW UPDATING ADAGUC. 

2019-12-11 07:04:48,940 INFO 
END OF ADAGUC UPDATING PROCESS FOR PRODUCT PC-Ph

2019-12-11 07:04:49,968 INFO /ARCHIVOSAF/NATIVO/2019345/CMIC/S_NWC_CMIC_MSG4_Europe-VISIR_20191211T064500Z.nc assumed as pixel product
2019-12-11 07:04:52,232 INFO 
Process 64552 stopped, removing from active process list, coressponds to the file: /ARCHIVOSAF/NATIVO/2019345/CMIC/S_NWC_CMIC_MSG4_Europe-VISIR_20191211T064500Z.nc NOW UPDATING ADAGUC. 

2019-12-11 07:04:53,256 INFO 
END OF ADAGUC UPDATING PROCESS FOR PRODUCT CMIC

2019-12-11 07:04:54,280 INFO /ARCHIVOSAF/NATIVO/2019345/CRR/S_NWC_CRR-Ph_MSG4_Europe-VISIR_20191211T064500Z.nc assumed as pixel product
2019-12-11 07:04:56,534 INFO 
Process 64558 stopped, removing from active process list, coressponds to the file: /ARCHIVOSAF/NATIVO/2019345/CRR/S_NWC_CRR-Ph_MSG4_Europe-VISIR_20191211T064500Z.nc NOW UPDATING ADAGUC. 

2019-12-11 07:04:57,556 INFO 
END OF ADAGUC UPDATING PROCESS FOR PRODUCT CRR-Ph

2019-12-11 07:04:58,582 INFO /ARCHIVOSAF/NATIVO/2019345/CT/S_NWC_CT_MSG4_Europe-VISIR_20191211T064500Z.nc assumed as pixel product
2019-12-11 07:04:59,815 INFO 
Process 64563 stopped, removing from active process list, coressponds to the file: /ARCHIVOSAF/NATIVO/2019345/CT/S_NWC_CT_MSG4_Europe-VISIR_20191211T064500Z.nc NOW UPDATING ADAGUC. 

2019-12-11 07:05:00,840 INFO 
END OF ADAGUC UPDATING PROCESS FOR PRODUCT CT

2019-12-11 07:05:01,865 INFO /ARCHIVOSAF/NATIVO/2019345/iSHAI/S_NWC_iSHAI_MSG4_Europe-VISIR_20191211T064500Z.nc assumed as pixel product
2019-12-11 07:05:08,224 INFO 
Process 64583 stopped, removing from active process list, coressponds to the file: /ARCHIVOSAF/NATIVO/2019345/iSHAI/S_NWC_iSHAI_MSG4_Europe-VISIR_20191211T064500Z.nc NOW UPDATING ADAGUC. 

2019-12-11 07:05:09,255 INFO 
END OF ADAGUC UPDATING PROCESS FOR PRODUCT iSHAI

2019-12-11 07:05:10,282 INFO /ARCHIVOSAF/NATIVO/2019345/CMA/S_NWC_CMA_MSG4_Europe-VISIR_20191211T064500Z.nc assumed as pixel product
2019-12-11 07:05:12,530 INFO 
Process 64598 stopped, removing from active process list, coressponds to the file: /ARCHIVOSAF/NATIVO/2019345/CMA/S_NWC_CMA_MSG4_Europe-VISIR_20191211T064500Z.nc NOW UPDATING ADAGUC. 

2019-12-11 07:05:13,561 INFO 
END OF ADAGUC UPDATING PROCESS FOR PRODUCT CMA

2019-12-11 07:05:14,589 INFO /ARCHIVOSAF/NATIVO/2019345/L1SD/S_NWC_IR120-BT_MSG4_Europe-VISIR_20191211T064500Z.nc assumed as pixel product
2019-12-11 07:05:15,816 INFO 
Process 64612 stopped, removing from active process list, coressponds to the file: /ARCHIVOSAF/NATIVO/2019345/L1SD/S_NWC_IR120-BT_MSG4_Europe-VISIR_20191211T064500Z.nc NOW UPDATING ADAGUC. 

2019-12-11 07:05:16,842 INFO 
END OF ADAGUC UPDATING PROCESS FOR PRODUCT IR120-BT

2019-12-11 07:05:17,864 INFO /ARCHIVOSAF/NATIVO/2019345/HRW/S_NWC_HRW_MSG4_Europe-VISIR_20191211T064500Z.nc assumed as HRW product
2019-12-11 07:05:19,092 INFO 
Process 64624 stopped, removing from active process list, coressponds to the file: /ARCHIVOSAF/NATIVO/2019345/HRW/S_NWC_HRW_MSG4_Europe-VISIR_20191211T064500Z.nc NOW UPDATING ADAGUC. 

2019-12-11 07:05:20,115 INFO 
END OF ADAGUC UPDATING PROCESS FOR PRODUCT HRW

2019-12-11 07:05:21,137 INFO /ARCHIVOSAF/NATIVO/2019345/ASII/S_NWC_ASII-TF_MSG4_Europe-VISIR_20191211T064500Z.nc assumed as pixel product
2019-12-11 07:05:22,371 INFO 
Process 64636 stopped, removing from active process list, coressponds to the file: /ARCHIVOSAF/NATIVO/2019345/ASII/S_NWC_ASII-TF_MSG4_Europe-VISIR_20191211T064500Z.nc NOW UPDATING ADAGUC. 

2019-12-11 07:05:23,396 INFO 
END OF ADAGUC UPDATING PROCESS FOR PRODUCT ASII-TF

2019-12-11 07:05:24,419 INFO /ARCHIVOSAF/NATIVO/2019345/ASII/S_NWC_ASII-GW_MSG4_Europe-VISIR_20191211T064500Z.nc assumed as pixel product
2019-12-11 07:05:25,647 INFO 
Process 64652 stopped, removing from active process list, coressponds to the file: /ARCHIVOSAF/NATIVO/2019345/ASII/S_NWC_ASII-GW_MSG4_Europe-VISIR_20191211T064500Z.nc NOW UPDATING ADAGUC. 

2019-12-11 07:05:26,677 INFO 
END OF ADAGUC UPDATING PROCESS FOR PRODUCT ASII-GW

2019-12-11 07:05:27,703 INFO /ARCHIVOSAF/NATIVO/2019345/CI/S_NWC_CI_MSG4_Europe-VISIR_20191211T064500Z.nc assumed as pixel product
2019-12-11 07:05:28,932 INFO 
Process 64671 stopped, removing from active process list, coressponds to the file: /ARCHIVOSAF/NATIVO/2019345/CI/S_NWC_CI_MSG4_Europe-VISIR_20191211T064500Z.nc NOW UPDATING ADAGUC. 

2019-12-11 07:05:29,955 INFO 
END OF ADAGUC UPDATING PROCESS FOR PRODUCT CI

2019-12-11 07:05:30,979 INFO /ARCHIVOSAF/NATIVO/2019345/RDT/S_NWC_RDT-CW_MSG4_Europe-VISIR_20191211T064500Z.nc assumed as RDT product
2019-12-11 07:06:03,048 INFO  File: /ARCHIVOSAF/NATIVO/2019345/IMASK/S_NWC_IMASK_MSG4_Europe-VISIR_20191211T064500Z.nc added.
2019-12-11 07:06:05,263 INFO 
Process 64690 stopped, removing from active process list, coressponds to the file: /ARCHIVOSAF/NATIVO/2019345/RDT/S_NWC_RDT-CW_MSG4_Europe-VISIR_20191211T064500Z.nc NOW UPDATING ADAGUC. 

2019-12-11 07:06:06,285 INFO 
END OF ADAGUC UPDATING PROCESS FOR PRODUCT RDT-CW

2019-12-11 07:06:07,310 INFO /ARCHIVOSAF/NATIVO/2019345/IMASK/S_NWC_IMASK_MSG4_Europe-VISIR_20191211T064500Z.nc assumed as pixel product
2019-12-11 07:06:09,558 INFO 
Process 64759 stopped, removing from active process list, coressponds to the file: /ARCHIVOSAF/NATIVO/2019345/IMASK/S_NWC_IMASK_MSG4_Europe-VISIR_20191211T064500Z.nc NOW UPDATING ADAGUC. 

2019-12-11 07:06:10,578 INFO 
END OF ADAGUC UPDATING PROCESS FOR PRODUCT IMASK

2019-12-11 07:19:04,351 INFO  File: /ARCHIVOSAF/NATIVO/2019345/PC/S_NWC_PC_MSG4_Europe-VISIR_20191211T070000Z.nc added.
2019-12-11 07:19:04,352 INFO  File: /ARCHIVOSAF/NATIVO/2019345/CT/S_NWC_CT_MSG4_Europe-VISIR_20191211T070000Z.nc added.
2019-12-11 07:19:04,352 INFO  File: /ARCHIVOSAF/NATIVO/2019345/CMIC/S_NWC_CMIC_MSG4_Europe-VISIR_20191211T070000Z.nc added.
2019-12-11 07:19:04,352 INFO  File: /ARCHIVOSAF/NATIVO/2019345/PC/S_NWC_PC-Ph_MSG4_Europe-VISIR_20191211T070000Z.nc added.
2019-12-11 07:19:04,352 INFO  File: /ARCHIVOSAF/NATIVO/2019345/CTTH/S_NWC_CTTH_MSG4_Europe-VISIR_20191211T070000Z.nc added.
2019-12-11 07:19:04,352 INFO  File: /ARCHIVOSAF/NATIVO/2019345/CMA/S_NWC_CMA_MSG4_Europe-VISIR_20191211T070000Z.nc added.
2019-12-11 07:19:04,353 INFO  File: /ARCHIVOSAF/NATIVO/2019345/iSHAI/S_NWC_iSHAI_MSG4_Europe-VISIR_20191211T070000Z.nc added.
2019-12-11 07:19:04,353 INFO  File: /ARCHIVOSAF/NATIVO/2019345/CRR/S_NWC_CRR-Ph_MSG4_Europe-VISIR_20191211T070000Z.nc added.
2019-12-11 07:19:04,353 INFO  File: /ARCHIVOSAF/NATIVO/2019345/CRR/S_NWC_CRR_MSG4_Europe-VISIR_20191211T070000Z.nc added.
2019-12-11 07:19:04,353 INFO /ARCHIVOSAF/NATIVO/2019345/PC/S_NWC_PC_MSG4_Europe-VISIR_20191211T070000Z.nc assumed as pixel product
2019-12-11 07:19:05,613 INFO  File: /ARCHIVOSAF/NATIVO/2019345/CI/S_NWC_CI_MSG4_Europe-VISIR_20191211T070000Z.nc added.
2019-12-11 07:19:05,614 INFO  File: /ARCHIVOSAF/NATIVO/2019345/HRW/S_NWC_HRW_MSG4_Europe-VISIR_20191211T070000Z.nc added.
2019-12-11 07:19:05,614 INFO  File: /ARCHIVOSAF/NATIVO/2019345/ASII/S_NWC_ASII-TF_MSG4_Europe-VISIR_20191211T070000Z.nc added.
2019-12-11 07:19:05,614 INFO  File: /ARCHIVOSAF/NATIVO/2019345/RDT/S_NWC_RDT-CW_MSG4_Europe-VISIR_20191211T070000Z.nc added.
2019-12-11 07:19:05,614 INFO  File: /ARCHIVOSAF/NATIVO/2019345/ASII/S_NWC_ASII-GW_MSG4_Europe-VISIR_20191211T070000Z.nc added.
2019-12-11 07:19:05,615 INFO  File: /ARCHIVOSAF/NATIVO/2019345/RDT/S_NWC_RDT-CW_MSG4_Europe-VISIR_20191211T070000Z_015.nc added.
2019-12-11 07:19:05,615 INFO  File: /ARCHIVOSAF/NATIVO/2019345/RDT/S_NWC_RDT-CW_MSG4_Europe-VISIR_20191211T070000Z_060.nc added.
2019-12-11 07:19:05,615 INFO  File: /ARCHIVOSAF/NATIVO/2019345/L1SD/S_NWC_IR120-BT_MSG4_Europe-VISIR_20191211T070000Z.nc added.
2019-12-11 07:19:05,615 INFO  File: /ARCHIVOSAF/NATIVO/2019345/RDT/S_NWC_RDT-CW_MSG4_Europe-VISIR_20191211T070000Z_045.nc added.
2019-12-11 07:19:05,615 INFO  File: /ARCHIVOSAF/NATIVO/2019345/RDT/S_NWC_RDT-CW_MSG4_Europe-VISIR_20191211T070000Z_030.nc added.
2019-12-11 07:19:05,616 INFO 
Process 70535 stopped, removing from active process list, coressponds to the file: /ARCHIVOSAF/NATIVO/2019345/PC/S_NWC_PC_MSG4_Europe-VISIR_20191211T070000Z.nc NOW UPDATING ADAGUC. 

2019-12-11 07:19:06,647 INFO 
END OF ADAGUC UPDATING PROCESS FOR PRODUCT PC

2019-12-11 07:19:07,674 INFO /ARCHIVOSAF/NATIVO/2019345/CT/S_NWC_CT_MSG4_Europe-VISIR_20191211T070000Z.nc assumed as pixel product
2019-12-11 07:19:08,902 INFO 
Process 70546 stopped, removing from active process list, coressponds to the file: /ARCHIVOSAF/NATIVO/2019345/CT/S_NWC_CT_MSG4_Europe-VISIR_20191211T070000Z.nc NOW UPDATING ADAGUC. 

2019-12-11 07:19:09,930 INFO 
END OF ADAGUC UPDATING PROCESS FOR PRODUCT CT

2019-12-11 07:19:10,954 INFO /ARCHIVOSAF/NATIVO/2019345/CMIC/S_NWC_CMIC_MSG4_Europe-VISIR_20191211T070000Z.nc assumed as pixel product
2019-12-11 07:19:13,215 INFO 
Process 70554 stopped, removing from active process list, coressponds to the file: /ARCHIVOSAF/NATIVO/2019345/CMIC/S_NWC_CMIC_MSG4_Europe-VISIR_20191211T070000Z.nc NOW UPDATING ADAGUC. 

2019-12-11 07:19:14,243 INFO 
END OF ADAGUC UPDATING PROCESS FOR PRODUCT CMIC

2019-12-11 07:19:15,268 INFO /ARCHIVOSAF/NATIVO/2019345/PC/S_NWC_PC-Ph_MSG4_Europe-VISIR_20191211T070000Z.nc assumed as pixel product
2019-12-11 07:19:16,494 INFO 
Process 70567 stopped, removing from active process list, coressponds to the file: /ARCHIVOSAF/NATIVO/2019345/PC/S_NWC_PC-Ph_MSG4_Europe-VISIR_20191211T070000Z.nc NOW UPDATING ADAGUC. 

2019-12-11 07:19:17,516 INFO 
END OF ADAGUC UPDATING PROCESS FOR PRODUCT PC-Ph

2019-12-11 07:19:18,539 INFO /ARCHIVOSAF/NATIVO/2019345/CTTH/S_NWC_CTTH_MSG4_Europe-VISIR_20191211T070000Z.nc assumed as pixel product
2019-12-11 07:19:21,808 INFO 
Process 70578 stopped, removing from active process list, coressponds to the file: /ARCHIVOSAF/NATIVO/2019345/CTTH/S_NWC_CTTH_MSG4_Europe-VISIR_20191211T070000Z.nc NOW UPDATING ADAGUC. 

2019-12-11 07:19:22,837 INFO 
END OF ADAGUC UPDATING PROCESS FOR PRODUCT CTTH

2019-12-11 07:19:23,864 INFO /ARCHIVOSAF/NATIVO/2019345/CMA/S_NWC_CMA_MSG4_Europe-VISIR_20191211T070000Z.nc assumed as pixel product
2019-12-11 07:19:26,113 INFO 
Process 70593 stopped, removing from active process list, coressponds to the file: /ARCHIVOSAF/NATIVO/2019345/CMA/S_NWC_CMA_MSG4_Europe-VISIR_20191211T070000Z.nc NOW UPDATING ADAGUC. 

2019-12-11 07:19:27,140 INFO 
END OF ADAGUC UPDATING PROCESS FOR PRODUCT CMA

2019-12-11 07:19:28,167 INFO /ARCHIVOSAF/NATIVO/2019345/iSHAI/S_NWC_iSHAI_MSG4_Europe-VISIR_20191211T070000Z.nc assumed as pixel product
2019-12-11 07:19:33,481 INFO 
Process 70991 stopped, removing from active process list, coressponds to the file: /ARCHIVOSAF/NATIVO/2019345/iSHAI/S_NWC_iSHAI_MSG4_Europe-VISIR_20191211T070000Z.nc NOW UPDATING ADAGUC. 

2019-12-11 07:19:34,504 INFO 
END OF ADAGUC UPDATING PROCESS FOR PRODUCT iSHAI

2019-12-11 07:19:35,534 INFO /ARCHIVOSAF/NATIVO/2019345/CRR/S_NWC_CRR-Ph_MSG4_Europe-VISIR_20191211T070000Z.nc assumed as pixel product
2019-12-11 07:19:37,790 INFO 
Process 71026 stopped, removing from active process list, coressponds to the file: /ARCHIVOSAF/NATIVO/2019345/CRR/S_NWC_CRR-Ph_MSG4_Europe-VISIR_20191211T070000Z.nc NOW UPDATING ADAGUC. 

2019-12-11 07:19:38,821 INFO 
END OF ADAGUC UPDATING PROCESS FOR PRODUCT CRR-Ph

2019-12-11 07:19:39,843 INFO /ARCHIVOSAF/NATIVO/2019345/CRR/S_NWC_CRR_MSG4_Europe-VISIR_20191211T070000Z.nc assumed as pixel product
2019-12-11 07:19:41,073 INFO 
Process 71031 stopped, removing from active process list, coressponds to the file: /ARCHIVOSAF/NATIVO/2019345/CRR/S_NWC_CRR_MSG4_Europe-VISIR_20191211T070000Z.nc NOW UPDATING ADAGUC. 

2019-12-11 07:19:42,128 INFO 
END OF ADAGUC UPDATING PROCESS FOR PRODUCT CRR

2019-12-11 07:19:43,160 INFO /ARCHIVOSAF/NATIVO/2019345/CI/S_NWC_CI_MSG4_Europe-VISIR_20191211T070000Z.nc assumed as pixel product
2019-12-11 07:19:44,388 INFO 
Process 71036 stopped, removing from active process list, coressponds to the file: /ARCHIVOSAF/NATIVO/2019345/CI/S_NWC_CI_MSG4_Europe-VISIR_20191211T070000Z.nc NOW UPDATING ADAGUC. 

2019-12-11 07:19:45,410 INFO 
END OF ADAGUC UPDATING PROCESS FOR PRODUCT CI

2019-12-11 07:19:46,430 INFO /ARCHIVOSAF/NATIVO/2019345/HRW/S_NWC_HRW_MSG4_Europe-VISIR_20191211T070000Z.nc assumed as HRW product
2019-12-11 07:19:47,810 INFO 
Process 71045 stopped, removing from active process list, coressponds to the file: /ARCHIVOSAF/NATIVO/2019345/HRW/S_NWC_HRW_MSG4_Europe-VISIR_20191211T070000Z.nc NOW UPDATING ADAGUC. 

2019-12-11 07:19:48,830 INFO 
END OF ADAGUC UPDATING PROCESS FOR PRODUCT HRW

2019-12-11 07:19:49,855 INFO /ARCHIVOSAF/NATIVO/2019345/ASII/S_NWC_ASII-TF_MSG4_Europe-VISIR_20191211T070000Z.nc assumed as pixel product
2019-12-11 07:19:51,082 INFO 
Process 71420 stopped, removing from active process list, coressponds to the file: /ARCHIVOSAF/NATIVO/2019345/ASII/S_NWC_ASII-TF_MSG4_Europe-VISIR_20191211T070000Z.nc NOW UPDATING ADAGUC. 

2019-12-11 07:19:52,106 INFO 
END OF ADAGUC UPDATING PROCESS FOR PRODUCT ASII-TF

2019-12-11 07:19:53,133 INFO /ARCHIVOSAF/NATIVO/2019345/L1SD/S_NWC_IR120-BT_MSG4_Europe-VISIR_20191211T070000Z.nc assumed as pixel product
2019-12-11 07:19:54,359 INFO 
Process 71425 stopped, removing from active process list, coressponds to the file: /ARCHIVOSAF/NATIVO/2019345/L1SD/S_NWC_IR120-BT_MSG4_Europe-VISIR_20191211T070000Z.nc NOW UPDATING ADAGUC. 

2019-12-11 07:19:55,378 INFO 
END OF ADAGUC UPDATING PROCESS FOR PRODUCT IR120-BT

2019-12-11 07:19:56,409 INFO /ARCHIVOSAF/NATIVO/2019345/ASII/S_NWC_ASII-GW_MSG4_Europe-VISIR_20191211T070000Z.nc assumed as pixel product
2019-12-11 07:19:57,648 INFO 
Process 71431 stopped, removing from active process list, coressponds to the file: /ARCHIVOSAF/NATIVO/2019345/ASII/S_NWC_ASII-GW_MSG4_Europe-VISIR_20191211T070000Z.nc NOW UPDATING ADAGUC. 

2019-12-11 07:19:58,673 INFO 
END OF ADAGUC UPDATING PROCESS FOR PRODUCT ASII-GW

2019-12-11 07:19:59,697 INFO /ARCHIVOSAF/NATIVO/2019345/RDT/S_NWC_RDT-CW_MSG4_Europe-VISIR_20191211T070000Z.nc assumed as RDT product
2019-12-11 07:20:33,818 INFO 
Process 71436 stopped, removing from active process list, coressponds to the file: /ARCHIVOSAF/NATIVO/2019345/RDT/S_NWC_RDT-CW_MSG4_Europe-VISIR_20191211T070000Z.nc NOW UPDATING ADAGUC. 

2019-12-11 07:20:34,838 INFO 
END OF ADAGUC UPDATING PROCESS FOR PRODUCT RDT-CW

2019-12-11 07:21:02,589 INFO  File: /ARCHIVOSAF/NATIVO/2019345/IMASK/S_NWC_IMASK_MSG4_Europe-VISIR_20191211T070000Z.nc added.
2019-12-11 07:21:02,589 INFO /ARCHIVOSAF/NATIVO/2019345/IMASK/S_NWC_IMASK_MSG4_Europe-VISIR_20191211T070000Z.nc assumed as pixel product
2019-12-11 07:21:04,961 INFO 
Process 71564 stopped, removing from active process list, coressponds to the file: /ARCHIVOSAF/NATIVO/2019345/IMASK/S_NWC_IMASK_MSG4_Europe-VISIR_20191211T070000Z.nc NOW UPDATING ADAGUC. 

2019-12-11 07:21:05,977 INFO 
END OF ADAGUC UPDATING PROCESS FOR PRODUCT IMASK

